2025-08-18 23:14:54,454 serial_wrap.py, line 83, ERROR:get_anwser error:(5, 'Input/output error')
2025-08-18 23:14:54,455 serial_wrap.py, line 83, ERROR:get_anwser error:(5, 'Input/output error')
2025-08-18 23:14:54,456 serial_wrap.py, line 83, ERROR:get_anwser error:(5, 'Input/output error')
2025-08-18 23:14:54,456 serial_wrap.py, line 83, ERROR:get_anwser error:(5, 'Input/output error')
2025-08-18 23:14:54,457 serial_wrap.py, line 83, ERROR:get_anwser error:(5, 'Input/output error')
2025-08-18 23:14:54,457 serial_wrap.py, line 83, ERROR:get_anwser error:(5, 'Input/output error')
2025-08-18 23:14:54,458 serial_wrap.py, line 83, ERROR:get_anwser error:(5, 'Input/output error')
2025-08-18 23:14:54,458 serial_wrap.py, line 83, ERROR:get_anwser error:(5, 'Input/output error')
2025-08-18 23:14:54,459 serial_wrap.py, line 83, ERROR:get_anwser error:(5, 'Input/output error')
2025-08-18 23:14:54,459 serial_wrap.py, line 83, ERROR:get_anwser error:(5, 'Input/output error')
2025-08-18 23:14:54,459 serial_wrap.py, line 83, ERROR:get_anwser error:(5, 'Input/output error')
2025-08-18 23:14:54,460 serial_wrap.py, line 83, ERROR:get_anwser error:(5, 'Input/output error')
2025-08-18 23:14:54,460 serial_wrap.py, line 83, ERROR:get_anwser error:(5, 'Input/output error')
2025-08-18 23:14:54,461 serial_wrap.py, line 83, ERROR:get_anwser error:(5, 'Input/output error')
2025-08-18 23:14:54,461 serial_wrap.py, line 83, ERROR:get_anwser error:(5, 'Input/output error')
2025-08-18 23:14:54,461 serial_wrap.py, line 83, ERROR:get_anwser error:(5, 'Input/output error')
2025-08-18 23:14:54,462 serial_wrap.py, line 83, ERROR:get_anwser error:(5, 'Input/output error')
2025-08-18 23:14:54,462 serial_wrap.py, line 83, ERROR:get_anwser error:(5, 'Input/output error')
2025-08-18 23:14:54,462 serial_wrap.py, line 83, ERROR:get_anwser error:(5, 'Input/output error')
2025-08-18 23:14:54,463 serial_wrap.py, line 83, ERROR:get_anwser error:(5, 'Input/output error')
2025-08-18 23:14:54,463 serial_wrap.py, line 83, ERROR:get_anwser error:(5, 'Input/output error')
2025-08-18 23:14:54,464 serial_wrap.py, line 83, ERROR:get_anwser error:(5, 'Input/output error')
2025-08-18 23:14:54,464 serial_wrap.py, line 83, ERROR:get_anwser error:(5, 'Input/output error')
2025-08-18 23:14:54,465 serial_wrap.py, line 83, ERROR:get_anwser error:(5, 'Input/output error')
2025-08-18 23:14:54,465 serial_wrap.py, line 83, ERROR:get_anwser error:(5, 'Input/output error')
2025-08-18 23:14:54,465 serial_wrap.py, line 83, ERROR:get_anwser error:(5, 'Input/output error')
2025-08-18 23:14:54,466 serial_wrap.py, line 83, ERROR:get_anwser error:(5, 'Input/output error')
2025-08-18 23:14:54,466 serial_wrap.py, line 83, ERROR:get_anwser error:(5, 'Input/output error')
2025-08-18 23:14:54,467 serial_wrap.py, line 83, ERROR:get_anwser error:(5, 'Input/output error')
2025-08-18 23:14:54,467 serial_wrap.py, line 83, ERROR:get_anwser error:(5, 'Input/output error')
2025-08-18 23:14:54,467 serial_wrap.py, line 83, ERROR:get_anwser error:(5, 'Input/output error')
2025-08-18 23:14:54,468 serial_wrap.py, line 83, ERROR:get_anwser error:(5, 'Input/output error')
2025-08-18 23:14:54,468 serial_wrap.py, line 83, ERROR:get_anwser error:(5, 'Input/output error')
2025-08-18 23:14:54,469 serial_wrap.py, line 83, ERROR:get_anwser error:(5, 'Input/output error')
2025-08-18 23:14:54,469 serial_wrap.py, line 83, ERROR:get_anwser error:(5, 'Input/output error')
2025-08-18 23:14:54,470 serial_wrap.py, line 83, ERROR:get_anwser error:(5, 'Input/output error')
2025-08-18 23:14:54,470 serial_wrap.py, line 83, ERROR:get_anwser error:(5, 'Input/output error')
2025-08-18 23:14:54,470 serial_wrap.py, line 83, ERROR:get_anwser error:(5, 'Input/output error')
2025-08-18 23:14:54,471 serial_wrap.py, line 83, ERROR:get_anwser error:(5, 'Input/output error')
2025-08-18 23:14:54,471 serial_wrap.py, line 83, ERROR:get_anwser error:(5, 'Input/output error')
2025-08-18 23:14:54,471 serial_wrap.py, line 83, ERROR:get_anwser error:(5, 'Input/output error')
2025-08-18 23:14:54,472 serial_wrap.py, line 83, ERROR:get_anwser error:(5, 'Input/output error')
2025-08-18 23:14:54,472 serial_wrap.py, line 83, ERROR:get_anwser error:(5, 'Input/output error')
2025-08-18 23:14:54,473 serial_wrap.py, line 83, ERROR:get_anwser error:(5, 'Input/output error')
2025-08-18 23:14:54,473 serial_wrap.py, line 83, ERROR:get_anwser error:(5, 'Input/output error')
2025-08-18 23:14:54,474 serial_wrap.py, line 83, ERROR:get_anwser error:(5, 'Input/output error')
2025-08-18 23:14:54,474 serial_wrap.py, line 83, ERROR:get_anwser error:(5, 'Input/output error')
2025-08-18 23:14:54,474 serial_wrap.py, line 83, ERROR:get_anwser error:(5, 'Input/output error')
2025-08-18 23:14:54,475 serial_wrap.py, line 83, ERROR:get_anwser error:(5, 'Input/output error')
2025-08-18 23:14:54,475 serial_wrap.py, line 83, ERROR:get_anwser error:(5, 'Input/output error')
2025-08-18 23:14:54,476 serial_wrap.py, line 83, ERROR:get_anwser error:(5, 'Input/output error')
2025-08-18 23:14:54,476 serial_wrap.py, line 83, ERROR:get_anwser error:(5, 'Input/output error')
2025-08-18 23:14:54,476 serial_wrap.py, line 83, ERROR:get_anwser error:(5, 'Input/output error')
2025-08-18 23:14:54,477 serial_wrap.py, line 83, ERROR:get_anwser error:(5, 'Input/output error')
2025-08-18 23:14:54,477 serial_wrap.py, line 83, ERROR:get_anwser error:(5, 'Input/output error')
2025-08-18 23:14:54,478 serial_wrap.py, line 83, ERROR:get_anwser error:(5, 'Input/output error')
2025-08-18 23:14:54,478 serial_wrap.py, line 83, ERROR:get_anwser error:(5, 'Input/output error')
2025-08-18 23:14:54,478 serial_wrap.py, line 83, ERROR:get_anwser error:(5, 'Input/output error')
2025-08-18 23:14:54,479 serial_wrap.py, line 83, ERROR:get_anwser error:(5, 'Input/output error')
2025-08-18 23:14:54,479 serial_wrap.py, line 83, ERROR:get_anwser error:(5, 'Input/output error')
2025-08-18 23:14:54,479 serial_wrap.py, line 83, ERROR:get_anwser error:(5, 'Input/output error')
2025-08-18 23:14:54,480 serial_wrap.py, line 83, ERROR:get_anwser error:(5, 'Input/output error')
2025-08-18 23:14:54,480 serial_wrap.py, line 83, ERROR:get_anwser error:(5, 'Input/output error')
2025-08-18 23:14:54,482 serial_wrap.py, line 83, ERROR:get_anwser error:(5, 'Input/output error')
2025-08-18 23:14:54,482 serial_wrap.py, line 83, ERROR:get_anwser error:(5, 'Input/output error')
2025-08-18 23:14:54,482 serial_wrap.py, line 83, ERROR:get_anwser error:(5, 'Input/output error')
2025-08-18 23:14:54,483 serial_wrap.py, line 83, ERROR:get_anwser error:(5, 'Input/output error')
2025-08-18 23:14:54,483 serial_wrap.py, line 83, ERROR:get_anwser error:(5, 'Input/output error')
2025-08-18 23:14:54,484 serial_wrap.py, line 83, ERROR:get_anwser error:(5, 'Input/output error')
2025-08-18 23:14:54,484 serial_wrap.py, line 83, ERROR:get_anwser error:(5, 'Input/output error')
2025-08-18 23:14:54,484 serial_wrap.py, line 83, ERROR:get_anwser error:(5, 'Input/output error')
2025-08-18 23:14:54,485 serial_wrap.py, line 83, ERROR:get_anwser error:(5, 'Input/output error')
2025-08-18 23:14:54,485 serial_wrap.py, line 83, ERROR:get_anwser error:(5, 'Input/output error')
2025-08-18 23:14:54,487 serial_wrap.py, line 83, ERROR:get_anwser error:(5, 'Input/output error')
2025-08-18 23:14:54,487 serial_wrap.py, line 83, ERROR:get_anwser error:(5, 'Input/output error')
2025-08-18 23:14:54,487 serial_wrap.py, line 83, ERROR:get_anwser error:(5, 'Input/output error')
2025-08-18 23:14:54,488 serial_wrap.py, line 83, ERROR:get_anwser error:(5, 'Input/output error')
2025-08-18 23:14:54,488 serial_wrap.py, line 83, ERROR:get_anwser error:(5, 'Input/output error')
2025-08-18 23:14:54,489 serial_wrap.py, line 83, ERROR:get_anwser error:(5, 'Input/output error')
2025-08-18 23:14:54,489 serial_wrap.py, line 83, ERROR:get_anwser error:(5, 'Input/output error')
2025-08-18 23:14:54,489 serial_wrap.py, line 83, ERROR:get_anwser error:(5, 'Input/output error')
2025-08-18 23:14:54,490 serial_wrap.py, line 83, ERROR:get_anwser error:(5, 'Input/output error')
2025-08-18 23:14:54,490 serial_wrap.py, line 83, ERROR:get_anwser error:(5, 'Input/output error')
2025-08-18 23:14:54,490 serial_wrap.py, line 83, ERROR:get_anwser error:(5, 'Input/output error')
2025-08-18 23:14:54,491 serial_wrap.py, line 83, ERROR:get_anwser error:(5, 'Input/output error')
2025-08-18 23:14:54,491 serial_wrap.py, line 83, ERROR:get_anwser error:(5, 'Input/output error')
2025-08-18 23:14:54,492 serial_wrap.py, line 83, ERROR:get_anwser error:(5, 'Input/output error')
2025-08-18 23:14:54,492 serial_wrap.py, line 83, ERROR:get_anwser error:(5, 'Input/output error')
2025-08-18 23:14:54,492 serial_wrap.py, line 83, ERROR:get_anwser error:(5, 'Input/output error')
2025-08-18 23:14:54,493 serial_wrap.py, line 83, ERROR:get_anwser error:(5, 'Input/output error')
2025-08-18 23:14:54,493 serial_wrap.py, line 83, ERROR:get_anwser error:(5, 'Input/output error')
2025-08-18 23:14:54,493 serial_wrap.py, line 83, ERROR:get_anwser error:(5, 'Input/output error')
2025-08-18 23:14:54,494 serial_wrap.py, line 83, ERROR:get_anwser error:(5, 'Input/output error')
2025-08-18 23:14:54,494 serial_wrap.py, line 83, ERROR:get_anwser error:(5, 'Input/output error')
2025-08-18 23:14:54,494 serial_wrap.py, line 83, ERROR:get_anwser error:(5, 'Input/output error')
2025-08-18 23:14:54,495 serial_wrap.py, line 83, ERROR:get_anwser error:(5, 'Input/output error')
2025-08-18 23:14:54,495 serial_wrap.py, line 83, ERROR:get_anwser error:(5, 'Input/output error')
2025-08-18 23:14:54,495 serial_wrap.py, line 83, ERROR:get_anwser error:(5, 'Input/output error')
2025-08-18 23:14:54,496 serial_wrap.py, line 83, ERROR:get_anwser error:(5, 'Input/output error')
2025-08-18 23:14:54,496 serial_wrap.py, line 83, ERROR:get_anwser error:(5, 'Input/output error')
2025-08-18 23:14:54,496 serial_wrap.py, line 83, ERROR:get_anwser error:(5, 'Input/output error')
2025-08-18 23:14:54,497 serial_wrap.py, line 83, ERROR:get_anwser error:(5, 'Input/output error')
2025-08-18 23:14:54,498 serial_wrap.py, line 83, ERROR:get_anwser error:(5, 'Input/output error')
2025-08-18 23:14:54,498 serial_wrap.py, line 83, ERROR:get_anwser error:(5, 'Input/output error')
2025-08-18 23:14:54,499 serial_wrap.py, line 83, ERROR:get_anwser error:(5, 'Input/output error')
2025-08-18 23:14:54,499 serial_wrap.py, line 83, ERROR:get_anwser error:(5, 'Input/output error')
2025-08-18 23:14:54,500 serial_wrap.py, line 83, ERROR:get_anwser error:(5, 'Input/output error')
2025-08-18 23:14:54,500 serial_wrap.py, line 83, ERROR:get_anwser error:(5, 'Input/output error')
2025-08-18 23:14:54,500 serial_wrap.py, line 83, ERROR:get_anwser error:(5, 'Input/output error')
2025-08-18 23:14:54,501 serial_wrap.py, line 83, ERROR:get_anwser error:(5, 'Input/output error')
2025-08-18 23:14:54,501 serial_wrap.py, line 83, ERROR:get_anwser error:(5, 'Input/output error')
2025-08-18 23:14:54,501 serial_wrap.py, line 83, ERROR:get_anwser error:(5, 'Input/output error')
2025-08-18 23:14:54,502 serial_wrap.py, line 83, ERROR:get_anwser error:(5, 'Input/output error')
2025-08-18 23:14:54,502 serial_wrap.py, line 83, ERROR:get_anwser error:(5, 'Input/output error')
2025-08-18 23:14:54,503 serial_wrap.py, line 83, ERROR:get_anwser error:(5, 'Input/output error')
2025-08-18 23:14:54,503 serial_wrap.py, line 83, ERROR:get_anwser error:(5, 'Input/output error')
2025-08-18 23:14:54,503 serial_wrap.py, line 83, ERROR:get_anwser error:(5, 'Input/output error')
2025-08-18 23:14:54,504 serial_wrap.py, line 83, ERROR:get_anwser error:(5, 'Input/output error')
2025-08-18 23:14:54,504 serial_wrap.py, line 83, ERROR:get_anwser error:(5, 'Input/output error')
2025-08-18 23:14:54,505 serial_wrap.py, line 83, ERROR:get_anwser error:(5, 'Input/output error')
2025-08-18 23:14:54,505 serial_wrap.py, line 83, ERROR:get_anwser error:(5, 'Input/output error')
2025-08-18 23:14:54,506 serial_wrap.py, line 83, ERROR:get_anwser error:(5, 'Input/output error')
2025-08-18 23:14:54,506 serial_wrap.py, line 83, ERROR:get_anwser error:(5, 'Input/output error')
2025-08-18 23:14:54,506 serial_wrap.py, line 83, ERROR:get_anwser error:(5, 'Input/output error')
2025-08-18 23:14:54,507 serial_wrap.py, line 83, ERROR:get_anwser error:(5, 'Input/output error')
2025-08-18 23:14:54,507 serial_wrap.py, line 83, ERROR:get_anwser error:(5, 'Input/output error')
2025-08-18 23:14:54,507 serial_wrap.py, line 83, ERROR:get_anwser error:(5, 'Input/output error')
2025-08-18 23:14:54,508 serial_wrap.py, line 83, ERROR:get_anwser error:(5, 'Input/output error')
2025-08-18 23:14:54,508 serial_wrap.py, line 83, ERROR:get_anwser error:(5, 'Input/output error')
2025-08-18 23:14:54,509 serial_wrap.py, line 83, ERROR:get_anwser error:(5, 'Input/output error')
2025-08-18 23:14:54,509 serial_wrap.py, line 83, ERROR:get_anwser error:(5, 'Input/output error')
2025-08-18 23:14:54,510 serial_wrap.py, line 83, ERROR:get_anwser error:(5, 'Input/output error')
2025-08-18 23:14:54,510 serial_wrap.py, line 83, ERROR:get_anwser error:(5, 'Input/output error')
2025-08-18 23:14:54,510 serial_wrap.py, line 83, ERROR:get_anwser error:(5, 'Input/output error')
2025-08-18 23:14:54,511 serial_wrap.py, line 83, ERROR:get_anwser error:(5, 'Input/output error')
2025-08-18 23:14:54,511 serial_wrap.py, line 83, ERROR:get_anwser error:(5, 'Input/output error')
2025-08-18 23:14:54,512 serial_wrap.py, line 83, ERROR:get_anwser error:(5, 'Input/output error')
2025-08-18 23:14:54,512 serial_wrap.py, line 83, ERROR:get_anwser error:(5, 'Input/output error')
2025-08-18 23:14:54,512 serial_wrap.py, line 83, ERROR:get_anwser error:(5, 'Input/output error')
2025-08-18 23:14:54,513 serial_wrap.py, line 83, ERROR:get_anwser error:(5, 'Input/output error')
2025-08-18 23:14:54,514 serial_wrap.py, line 83, ERROR:get_anwser error:(5, 'Input/output error')
2025-08-18 23:14:54,514 serial_wrap.py, line 83, ERROR:get_anwser error:(5, 'Input/output error')
2025-08-18 23:14:54,515 serial_wrap.py, line 83, ERROR:get_anwser error:(5, 'Input/output error')
2025-08-18 23:14:54,515 serial_wrap.py, line 83, ERROR:get_anwser error:(5, 'Input/output error')
2025-08-18 23:14:54,515 serial_wrap.py, line 83, ERROR:get_anwser error:(5, 'Input/output error')
2025-08-18 23:14:54,516 serial_wrap.py, line 83, ERROR:get_anwser error:(5, 'Input/output error')
2025-08-18 23:14:54,516 serial_wrap.py, line 83, ERROR:get_anwser error:(5, 'Input/output error')
2025-08-18 23:14:54,516 serial_wrap.py, line 83, ERROR:get_anwser error:(5, 'Input/output error')
2025-08-18 23:14:54,517 serial_wrap.py, line 83, ERROR:get_anwser error:(5, 'Input/output error')
2025-08-18 23:14:54,517 serial_wrap.py, line 83, ERROR:get_anwser error:(5, 'Input/output error')
2025-08-18 23:14:54,517 serial_wrap.py, line 83, ERROR:get_anwser error:(5, 'Input/output error')
2025-08-18 23:14:54,519 serial_wrap.py, line 83, ERROR:get_anwser error:(5, 'Input/output error')
2025-08-18 23:14:54,519 serial_wrap.py, line 83, ERROR:get_anwser error:(5, 'Input/output error')
2025-08-18 23:14:54,520 serial_wrap.py, line 83, ERROR:get_anwser error:(5, 'Input/output error')
2025-08-18 23:14:54,520 serial_wrap.py, line 83, ERROR:get_anwser error:(5, 'Input/output error')
2025-08-18 23:14:54,520 serial_wrap.py, line 83, ERROR:get_anwser error:(5, 'Input/output error')
2025-08-18 23:14:54,521 serial_wrap.py, line 83, ERROR:get_anwser error:(5, 'Input/output error')
2025-08-18 23:14:54,521 serial_wrap.py, line 83, ERROR:get_anwser error:(5, 'Input/output error')
2025-08-18 23:14:54,521 serial_wrap.py, line 83, ERROR:get_anwser error:(5, 'Input/output error')
2025-08-18 23:14:54,522 serial_wrap.py, line 83, ERROR:get_anwser error:(5, 'Input/output error')
2025-08-18 23:14:54,522 serial_wrap.py, line 83, ERROR:get_anwser error:(5, 'Input/output error')
2025-08-18 23:14:54,523 serial_wrap.py, line 83, ERROR:get_anwser error:(5, 'Input/output error')
2025-08-18 23:14:54,523 serial_wrap.py, line 83, ERROR:get_anwser error:(5, 'Input/output error')
2025-08-18 23:14:54,523 serial_wrap.py, line 83, ERROR:get_anwser error:(5, 'Input/output error')
2025-08-18 23:14:54,524 serial_wrap.py, line 83, ERROR:get_anwser error:(5, 'Input/output error')
2025-08-18 23:14:54,524 serial_wrap.py, line 83, ERROR:get_anwser error:(5, 'Input/output error')
2025-08-18 23:14:54,524 serial_wrap.py, line 83, ERROR:get_anwser error:(5, 'Input/output error')
2025-08-18 23:14:54,525 serial_wrap.py, line 83, ERROR:get_anwser error:(5, 'Input/output error')
2025-08-18 23:14:54,525 serial_wrap.py, line 83, ERROR:get_anwser error:(5, 'Input/output error')
2025-08-18 23:14:54,525 serial_wrap.py, line 83, ERROR:get_anwser error:(5, 'Input/output error')
2025-08-18 23:14:54,526 serial_wrap.py, line 83, ERROR:get_anwser error:(5, 'Input/output error')
2025-08-18 23:14:54,526 serial_wrap.py, line 83, ERROR:get_anwser error:(5, 'Input/output error')
2025-08-18 23:14:54,526 serial_wrap.py, line 83, ERROR:get_anwser error:(5, 'Input/output error')
2025-08-18 23:14:54,527 serial_wrap.py, line 83, ERROR:get_anwser error:(5, 'Input/output error')
2025-08-18 23:14:54,527 serial_wrap.py, line 83, ERROR:get_anwser error:(5, 'Input/output error')
2025-08-18 23:14:54,527 serial_wrap.py, line 83, ERROR:get_anwser error:(5, 'Input/output error')
2025-08-18 23:14:54,528 serial_wrap.py, line 83, ERROR:get_anwser error:(5, 'Input/output error')
2025-08-18 23:14:54,528 serial_wrap.py, line 83, ERROR:get_anwser error:(5, 'Input/output error')
2025-08-18 23:14:54,528 serial_wrap.py, line 83, ERROR:get_anwser error:(5, 'Input/output error')
2025-08-18 23:14:54,529 serial_wrap.py, line 83, ERROR:get_anwser error:(5, 'Input/output error')
2025-08-18 23:14:54,529 serial_wrap.py, line 83, ERROR:get_anwser error:(5, 'Input/output error')
2025-08-18 23:14:54,530 serial_wrap.py, line 83, ERROR:get_anwser error:(5, 'Input/output error')
2025-08-18 23:14:54,530 serial_wrap.py, line 83, ERROR:get_anwser error:(5, 'Input/output error')
2025-08-18 23:14:54,530 serial_wrap.py, line 83, ERROR:get_anwser error:(5, 'Input/output error')
2025-08-18 23:14:54,531 serial_wrap.py, line 83, ERROR:get_anwser error:(5, 'Input/output error')
2025-08-18 23:14:54,531 serial_wrap.py, line 83, ERROR:get_anwser error:(5, 'Input/output error')
2025-08-18 23:14:54,531 serial_wrap.py, line 83, ERROR:get_anwser error:(5, 'Input/output error')
2025-08-18 23:14:54,532 serial_wrap.py, line 83, ERROR:get_anwser error:(5, 'Input/output error')
2025-08-18 23:14:54,532 serial_wrap.py, line 83, ERROR:get_anwser error:(5, 'Input/output error')
2025-08-18 23:14:54,532 serial_wrap.py, line 83, ERROR:get_anwser error:(5, 'Input/output error')
2025-08-18 23:14:54,533 serial_wrap.py, line 83, ERROR:get_anwser error:(5, 'Input/output error')
2025-08-18 23:14:54,533 serial_wrap.py, line 83, ERROR:get_anwser error:(5, 'Input/output error')
2025-08-18 23:14:54,533 serial_wrap.py, line 83, ERROR:get_anwser error:(5, 'Input/output error')
2025-08-18 23:14:54,534 serial_wrap.py, line 83, ERROR:get_anwser error:(5, 'Input/output error')
2025-08-18 23:14:54,534 serial_wrap.py, line 83, ERROR:get_anwser error:(5, 'Input/output error')
2025-08-18 23:14:54,534 serial_wrap.py, line 83, ERROR:get_anwser error:(5, 'Input/output error')
2025-08-18 23:14:54,535 serial_wrap.py, line 83, ERROR:get_anwser error:(5, 'Input/output error')
2025-08-18 23:14:54,535 serial_wrap.py, line 83, ERROR:get_anwser error:(5, 'Input/output error')
2025-08-18 23:14:54,535 serial_wrap.py, line 83, ERROR:get_anwser error:(5, 'Input/output error')
2025-08-18 23:14:54,536 serial_wrap.py, line 83, ERROR:get_anwser error:(5, 'Input/output error')
2025-08-18 23:14:54,536 serial_wrap.py, line 83, ERROR:get_anwser error:(5, 'Input/output error')
2025-08-18 23:14:54,536 serial_wrap.py, line 83, ERROR:get_anwser error:(5, 'Input/output error')
2025-08-18 23:14:54,537 serial_wrap.py, line 83, ERROR:get_anwser error:(5, 'Input/output error')
2025-08-18 23:14:54,537 serial_wrap.py, line 83, ERROR:get_anwser error:(5, 'Input/output error')
2025-08-18 23:14:54,537 serial_wrap.py, line 83, ERROR:get_anwser error:(5, 'Input/output error')
2025-08-18 23:14:54,538 serial_wrap.py, line 83, ERROR:get_anwser error:(5, 'Input/output error')
2025-08-18 23:14:54,538 serial_wrap.py, line 83, ERROR:get_anwser error:(5, 'Input/output error')
2025-08-18 23:14:54,539 serial_wrap.py, line 83, ERROR:get_anwser error:(5, 'Input/output error')
2025-08-18 23:14:54,539 serial_wrap.py, line 83, ERROR:get_anwser error:(5, 'Input/output error')
2025-08-18 23:14:54,539 serial_wrap.py, line 83, ERROR:get_anwser error:(5, 'Input/output error')
2025-08-18 23:14:54,540 serial_wrap.py, line 83, ERROR:get_anwser error:(5, 'Input/output error')
2025-08-18 23:14:54,540 serial_wrap.py, line 83, ERROR:get_anwser error:(5, 'Input/output error')
2025-08-18 23:14:54,540 serial_wrap.py, line 83, ERROR:get_anwser error:(5, 'Input/output error')
2025-08-18 23:14:54,541 serial_wrap.py, line 83, ERROR:get_anwser error:(5, 'Input/output error')
2025-08-18 23:14:54,541 serial_wrap.py, line 83, ERROR:get_anwser error:(5, 'Input/output error')
2025-08-18 23:14:54,541 serial_wrap.py, line 83, ERROR:get_anwser error:(5, 'Input/output error')
2025-08-18 23:14:54,542 serial_wrap.py, line 83, ERROR:get_anwser error:(5, 'Input/output error')
2025-08-18 23:14:54,542 serial_wrap.py, line 83, ERROR:get_anwser error:(5, 'Input/output error')
2025-08-18 23:14:54,542 serial_wrap.py, line 83, ERROR:get_anwser error:(5, 'Input/output error')
2025-08-18 23:14:54,543 serial_wrap.py, line 83, ERROR:get_anwser error:(5, 'Input/output error')
2025-08-18 23:14:54,543 serial_wrap.py, line 83, ERROR:get_anwser error:(5, 'Input/output error')
2025-08-18 23:14:54,543 serial_wrap.py, line 83, ERROR:get_anwser error:(5, 'Input/output error')
2025-08-18 23:14:54,544 serial_wrap.py, line 83, ERROR:get_anwser error:(5, 'Input/output error')
2025-08-18 23:14:54,544 serial_wrap.py, line 83, ERROR:get_anwser error:(5, 'Input/output error')
2025-08-18 23:14:54,544 serial_wrap.py, line 83, ERROR:get_anwser error:(5, 'Input/output error')
2025-08-18 23:14:54,545 serial_wrap.py, line 83, ERROR:get_anwser error:(5, 'Input/output error')
2025-08-18 23:14:54,545 serial_wrap.py, line 83, ERROR:get_anwser error:(5, 'Input/output error')
2025-08-18 23:14:54,545 serial_wrap.py, line 83, ERROR:get_anwser error:(5, 'Input/output error')
2025-08-18 23:14:54,546 serial_wrap.py, line 83, ERROR:get_anwser error:(5, 'Input/output error')
2025-08-18 23:14:54,546 serial_wrap.py, line 83, ERROR:get_anwser error:(5, 'Input/output error')
2025-08-18 23:14:54,546 serial_wrap.py, line 83, ERROR:get_anwser error:(5, 'Input/output error')
2025-08-18 23:14:54,547 serial_wrap.py, line 83, ERROR:get_anwser error:(5, 'Input/output error')
2025-08-18 23:14:54,547 serial_wrap.py, line 83, ERROR:get_anwser error:(5, 'Input/output error')
2025-08-18 23:14:54,547 serial_wrap.py, line 83, ERROR:get_anwser error:(5, 'Input/output error')
2025-08-18 23:14:54,548 serial_wrap.py, line 83, ERROR:get_anwser error:(5, 'Input/output error')
2025-08-18 23:14:54,548 serial_wrap.py, line 83, ERROR:get_anwser error:(5, 'Input/output error')
2025-08-18 23:14:54,548 serial_wrap.py, line 83, ERROR:get_anwser error:(5, 'Input/output error')
2025-08-18 23:14:54,549 serial_wrap.py, line 83, ERROR:get_anwser error:(5, 'Input/output error')
2025-08-18 23:14:54,549 serial_wrap.py, line 83, ERROR:get_anwser error:(5, 'Input/output error')
2025-08-18 23:14:54,549 serial_wrap.py, line 83, ERROR:get_anwser error:(5, 'Input/output error')
2025-08-18 23:14:54,550 serial_wrap.py, line 83, ERROR:get_anwser error:(5, 'Input/output error')
2025-08-18 23:14:54,550 serial_wrap.py, line 83, ERROR:get_anwser error:(5, 'Input/output error')
2025-08-18 23:14:54,551 serial_wrap.py, line 83, ERROR:get_anwser error:(5, 'Input/output error')
2025-08-18 23:14:54,551 serial_wrap.py, line 83, ERROR:get_anwser error:(5, 'Input/output error')
2025-08-18 23:14:54,551 serial_wrap.py, line 83, ERROR:get_anwser error:(5, 'Input/output error')
2025-08-18 23:14:54,552 serial_wrap.py, line 83, ERROR:get_anwser error:(5, 'Input/output error')
2025-08-18 23:14:54,552 serial_wrap.py, line 83, ERROR:get_anwser error:(5, 'Input/output error')
2025-08-18 23:14:54,552 serial_wrap.py, line 83, ERROR:get_anwser error:(5, 'Input/output error')
2025-08-18 23:14:54,553 serial_wrap.py, line 83, ERROR:get_anwser error:(5, 'Input/output error')
2025-08-18 23:14:54,554 serial_wrap.py, line 83, ERROR:get_anwser error:(5, 'Input/output error')
2025-08-18 23:14:54,554 serial_wrap.py, line 83, ERROR:get_anwser error:(5, 'Input/output error')
2025-08-18 23:14:54,555 serial_wrap.py, line 83, ERROR:get_anwser error:(5, 'Input/output error')
2025-08-18 23:14:54,555 serial_wrap.py, line 83, ERROR:get_anwser error:(5, 'Input/output error')
2025-08-18 23:14:54,556 serial_wrap.py, line 83, ERROR:get_anwser error:(5, 'Input/output error')
2025-08-18 23:14:54,557 serial_wrap.py, line 83, ERROR:get_anwser error:(5, 'Input/output error')
2025-08-18 23:14:54,557 serial_wrap.py, line 83, ERROR:get_anwser error:(5, 'Input/output error')
2025-08-18 23:14:54,558 serial_wrap.py, line 83, ERROR:get_anwser error:(5, 'Input/output error')
2025-08-18 23:14:54,558 serial_wrap.py, line 83, ERROR:get_anwser error:(5, 'Input/output error')
2025-08-18 23:14:54,559 serial_wrap.py, line 83, ERROR:get_anwser error:(5, 'Input/output error')
2025-08-18 23:14:54,559 serial_wrap.py, line 83, ERROR:get_anwser error:(5, 'Input/output error')
2025-08-18 23:14:54,560 serial_wrap.py, line 83, ERROR:get_anwser error:(5, 'Input/output error')
2025-08-18 23:14:54,560 serial_wrap.py, line 83, ERROR:get_anwser error:(5, 'Input/output error')
2025-08-18 23:14:54,560 serial_wrap.py, line 83, ERROR:get_anwser error:(5, 'Input/output error')
2025-08-18 23:14:54,561 serial_wrap.py, line 83, ERROR:get_anwser error:(5, 'Input/output error')
2025-08-18 23:14:54,561 serial_wrap.py, line 83, ERROR:get_anwser error:(5, 'Input/output error')
2025-08-18 23:14:54,562 serial_wrap.py, line 83, ERROR:get_anwser error:(5, 'Input/output error')
2025-08-18 23:14:54,562 serial_wrap.py, line 83, ERROR:get_anwser error:(5, 'Input/output error')
2025-08-18 23:14:54,562 serial_wrap.py, line 83, ERROR:get_anwser error:(5, 'Input/output error')
2025-08-18 23:14:54,563 serial_wrap.py, line 83, ERROR:get_anwser error:(5, 'Input/output error')
2025-08-18 23:14:54,563 serial_wrap.py, line 83, ERROR:get_anwser error:(5, 'Input/output error')
2025-08-18 23:14:54,564 serial_wrap.py, line 83, ERROR:get_anwser error:(5, 'Input/output error')
2025-08-18 23:14:54,564 serial_wrap.py, line 83, ERROR:get_anwser error:(5, 'Input/output error')
2025-08-18 23:14:54,565 serial_wrap.py, line 83, ERROR:get_anwser error:(5, 'Input/output error')
2025-08-18 23:14:54,565 serial_wrap.py, line 83, ERROR:get_anwser error:(5, 'Input/output error')
2025-08-18 23:14:54,565 serial_wrap.py, line 83, ERROR:get_anwser error:(5, 'Input/output error')
2025-08-18 23:14:54,566 serial_wrap.py, line 83, ERROR:get_anwser error:(5, 'Input/output error')
2025-08-18 23:14:54,566 serial_wrap.py, line 83, ERROR:get_anwser error:(5, 'Input/output error')
2025-08-18 23:14:54,567 serial_wrap.py, line 83, ERROR:get_anwser error:(5, 'Input/output error')
2025-08-18 23:14:54,567 serial_wrap.py, line 83, ERROR:get_anwser error:(5, 'Input/output error')
2025-08-18 23:14:54,567 serial_wrap.py, line 83, ERROR:get_anwser error:(5, 'Input/output error')
2025-08-18 23:14:54,568 serial_wrap.py, line 83, ERROR:get_anwser error:(5, 'Input/output error')
2025-08-18 23:14:54,568 serial_wrap.py, line 83, ERROR:get_anwser error:(5, 'Input/output error')
2025-08-18 23:14:54,569 serial_wrap.py, line 83, ERROR:get_anwser error:(5, 'Input/output error')
2025-08-18 23:14:54,569 serial_wrap.py, line 83, ERROR:get_anwser error:(5, 'Input/output error')
2025-08-18 23:14:54,569 serial_wrap.py, line 83, ERROR:get_anwser error:(5, 'Input/output error')
2025-08-18 23:14:54,570 serial_wrap.py, line 83, ERROR:get_anwser error:(5, 'Input/output error')
2025-08-18 23:14:54,570 serial_wrap.py, line 83, ERROR:get_anwser error:(5, 'Input/output error')
2025-08-18 23:14:54,571 serial_wrap.py, line 83, ERROR:get_anwser error:(5, 'Input/output error')
2025-08-18 23:14:54,571 serial_wrap.py, line 83, ERROR:get_anwser error:(5, 'Input/output error')
2025-08-18 23:14:54,572 serial_wrap.py, line 83, ERROR:get_anwser error:(5, 'Input/output error')
2025-08-18 23:14:54,572 serial_wrap.py, line 83, ERROR:get_anwser error:(5, 'Input/output error')
2025-08-18 23:14:54,572 serial_wrap.py, line 83, ERROR:get_anwser error:(5, 'Input/output error')
2025-08-18 23:14:54,573 serial_wrap.py, line 83, ERROR:get_anwser error:(5, 'Input/output error')
2025-08-18 23:14:54,573 serial_wrap.py, line 83, ERROR:get_anwser error:(5, 'Input/output error')
2025-08-18 23:14:54,574 serial_wrap.py, line 83, ERROR:get_anwser error:(5, 'Input/output error')
2025-08-18 23:14:54,574 serial_wrap.py, line 83, ERROR:get_anwser error:(5, 'Input/output error')
2025-08-18 23:14:54,574 serial_wrap.py, line 83, ERROR:get_anwser error:(5, 'Input/output error')
2025-08-18 23:14:54,575 serial_wrap.py, line 83, ERROR:get_anwser error:(5, 'Input/output error')
2025-08-18 23:14:54,575 serial_wrap.py, line 83, ERROR:get_anwser error:(5, 'Input/output error')
2025-08-18 23:14:54,575 serial_wrap.py, line 83, ERROR:get_anwser error:(5, 'Input/output error')
2025-08-18 23:14:54,576 serial_wrap.py, line 83, ERROR:get_anwser error:(5, 'Input/output error')
2025-08-18 23:14:54,576 serial_wrap.py, line 83, ERROR:get_anwser error:(5, 'Input/output error')
2025-08-18 23:14:54,577 serial_wrap.py, line 83, ERROR:get_anwser error:(5, 'Input/output error')
2025-08-18 23:14:54,577 serial_wrap.py, line 83, ERROR:get_anwser error:(5, 'Input/output error')
2025-08-18 23:14:54,578 serial_wrap.py, line 83, ERROR:get_anwser error:(5, 'Input/output error')
2025-08-18 23:14:54,578 serial_wrap.py, line 83, ERROR:get_anwser error:(5, 'Input/output error')
2025-08-18 23:14:54,578 serial_wrap.py, line 83, ERROR:get_anwser error:(5, 'Input/output error')
2025-08-18 23:14:54,579 serial_wrap.py, line 83, ERROR:get_anwser error:(5, 'Input/output error')
2025-08-18 23:14:54,579 serial_wrap.py, line 83, ERROR:get_anwser error:(5, 'Input/output error')
2025-08-18 23:14:54,580 serial_wrap.py, line 83, ERROR:get_anwser error:(5, 'Input/output error')
2025-08-18 23:14:54,580 serial_wrap.py, line 83, ERROR:get_anwser error:(5, 'Input/output error')
2025-08-18 23:14:54,580 serial_wrap.py, line 83, ERROR:get_anwser error:(5, 'Input/output error')
2025-08-18 23:14:54,581 serial_wrap.py, line 83, ERROR:get_anwser error:(5, 'Input/output error')
2025-08-18 23:14:54,582 serial_wrap.py, line 83, ERROR:get_anwser error:(5, 'Input/output error')
2025-08-18 23:14:54,583 serial_wrap.py, line 83, ERROR:get_anwser error:(5, 'Input/output error')
2025-08-18 23:14:54,583 serial_wrap.py, line 83, ERROR:get_anwser error:(5, 'Input/output error')
2025-08-18 23:14:54,583 serial_wrap.py, line 83, ERROR:get_anwser error:(5, 'Input/output error')
2025-08-18 23:14:54,584 serial_wrap.py, line 83, ERROR:get_anwser error:(5, 'Input/output error')
2025-08-18 23:14:54,584 serial_wrap.py, line 83, ERROR:get_anwser error:(5, 'Input/output error')
2025-08-18 23:14:54,585 serial_wrap.py, line 83, ERROR:get_anwser error:(5, 'Input/output error')
2025-08-18 23:14:54,585 serial_wrap.py, line 83, ERROR:get_anwser error:(5, 'Input/output error')
2025-08-18 23:14:54,585 serial_wrap.py, line 83, ERROR:get_anwser error:(5, 'Input/output error')
2025-08-18 23:14:54,586 serial_wrap.py, line 83, ERROR:get_anwser error:(5, 'Input/output error')
2025-08-18 23:14:54,586 serial_wrap.py, line 83, ERROR:get_anwser error:(5, 'Input/output error')
2025-08-18 23:14:54,587 serial_wrap.py, line 83, ERROR:get_anwser error:(5, 'Input/output error')
2025-08-18 23:14:54,587 serial_wrap.py, line 83, ERROR:get_anwser error:(5, 'Input/output error')
2025-08-18 23:14:54,588 serial_wrap.py, line 83, ERROR:get_anwser error:(5, 'Input/output error')
2025-08-18 23:14:54,588 serial_wrap.py, line 83, ERROR:get_anwser error:(5, 'Input/output error')
2025-08-18 23:14:54,589 serial_wrap.py, line 83, ERROR:get_anwser error:(5, 'Input/output error')
2025-08-18 23:14:54,589 serial_wrap.py, line 83, ERROR:get_anwser error:(5, 'Input/output error')
2025-08-18 23:14:54,590 serial_wrap.py, line 83, ERROR:get_anwser error:(5, 'Input/output error')
2025-08-18 23:14:54,590 serial_wrap.py, line 83, ERROR:get_anwser error:(5, 'Input/output error')
2025-08-18 23:14:54,590 serial_wrap.py, line 83, ERROR:get_anwser error:(5, 'Input/output error')
2025-08-18 23:14:54,591 serial_wrap.py, line 83, ERROR:get_anwser error:(5, 'Input/output error')
2025-08-18 23:14:54,591 serial_wrap.py, line 83, ERROR:get_anwser error:(5, 'Input/output error')
2025-08-18 23:14:54,592 serial_wrap.py, line 83, ERROR:get_anwser error:(5, 'Input/output error')
2025-08-18 23:14:54,592 serial_wrap.py, line 83, ERROR:get_anwser error:(5, 'Input/output error')
2025-08-18 23:14:54,593 serial_wrap.py, line 83, ERROR:get_anwser error:(5, 'Input/output error')
2025-08-18 23:14:54,593 serial_wrap.py, line 83, ERROR:get_anwser error:(5, 'Input/output error')
2025-08-18 23:14:54,594 serial_wrap.py, line 83, ERROR:get_anwser error:(5, 'Input/output error')
2025-08-18 23:32:29,412 serial_wrap.py, line 128, INFO:try:/dev/ttyUSB1 - USB Serial
2025-08-18 23:32:29,895 serial_wrap.py, line 128, INFO:try:/dev/ttyUSB1 - USB Serial
2025-08-18 23:32:29,990 controller_wrap.py, line 31, INFO:dev_name:mc602
2025-08-18 23:32:30,049 vehicle_base.py, line 302, INFO:MecanumChassis
2025-08-18 23:32:30,050 vehicle_base.py, line 191, INFO:mecanum init
2025-08-18 23:32:47,496 serial_wrap.py, line 128, INFO:try:/dev/ttyUSB1 - USB Serial
2025-08-18 23:32:47,985 serial_wrap.py, line 128, INFO:try:/dev/ttyUSB1 - USB Serial
2025-08-18 23:32:48,078 controller_wrap.py, line 31, INFO:dev_name:mc602
2025-08-18 23:32:48,108 vehicle_base.py, line 302, INFO:MecanumChassis
2025-08-18 23:32:48,108 vehicle_base.py, line 191, INFO:mecanum init
2025-08-18 23:34:20,053 serial_wrap.py, line 128, INFO:try:/dev/ttyUSB1 - USB Serial
2025-08-18 23:34:20,149 controller_wrap.py, line 31, INFO:dev_name:mc602
2025-08-18 23:34:20,172 vehicle_base.py, line 302, INFO:MecanumChassis
2025-08-18 23:34:20,173 vehicle_base.py, line 191, INFO:mecanum init
2025-08-18 23:34:23,136 arm_base.py, line 257, INFO:change side to 1
2025-08-18 23:35:15,577 serial_wrap.py, line 128, INFO:try:/dev/ttyUSB1 - USB Serial
2025-08-18 23:35:16,059 serial_wrap.py, line 128, INFO:try:/dev/ttyUSB1 - USB Serial
2025-08-18 23:35:16,154 controller_wrap.py, line 31, INFO:dev_name:mc602
2025-08-18 23:35:16,185 vehicle_base.py, line 302, INFO:MecanumChassis
2025-08-18 23:35:16,185 vehicle_base.py, line 191, INFO:mecanum init
2025-08-18 23:35:19,148 arm_base.py, line 257, INFO:change side to 1
2025-08-18 23:36:14,887 serial_wrap.py, line 128, INFO:try:/dev/ttyUSB1 - USB Serial
2025-08-18 23:36:15,373 serial_wrap.py, line 128, INFO:try:/dev/ttyUSB1 - USB Serial
2025-08-18 23:36:15,467 controller_wrap.py, line 31, INFO:dev_name:mc602
2025-08-18 23:36:15,498 vehicle_base.py, line 302, INFO:MecanumChassis
2025-08-18 23:36:15,499 vehicle_base.py, line 191, INFO:mecanum init
2025-08-18 23:36:18,461 arm_base.py, line 257, INFO:change side to 1
2025-08-18 23:44:31,261 serial_wrap.py, line 128, INFO:try:/dev/ttyUSB1 - USB Serial
2025-08-18 23:44:31,746 serial_wrap.py, line 128, INFO:try:/dev/ttyUSB1 - USB Serial
2025-08-18 23:44:32,199 serial_wrap.py, line 274, INFO:is mc602
2025-08-18 23:44:32,200 serial_wrap.py, line 275, INFO:load program
2025-08-18 23:44:33,642 controller_wrap.py, line 31, INFO:dev_name:mc602
2025-08-18 23:44:33,674 vehicle_base.py, line 302, INFO:MecanumChassis
2025-08-18 23:44:33,675 vehicle_base.py, line 191, INFO:mecanum init
2025-08-18 23:44:36,638 arm_base.py, line 257, INFO:change side to 1
2025-08-18 23:46:57,105 serial_wrap.py, line 128, INFO:try:/dev/ttyUSB1 - USB Serial
2025-08-18 23:46:57,199 controller_wrap.py, line 31, INFO:dev_name:mc602
2025-08-18 23:46:57,223 vehicle_base.py, line 302, INFO:MecanumChassis
2025-08-18 23:46:57,223 vehicle_base.py, line 191, INFO:mecanum init
2025-08-18 23:46:57,369 arm_base.py, line 46, INFO:hand init
2025-08-18 23:46:57,369 arm_base.py, line 257, INFO:change side to -1
2025-08-18 23:47:00,691 arm_base.py, line 257, INFO:change side to 1
2025-08-18 23:48:25,628 serial_wrap.py, line 128, INFO:try:/dev/ttyUSB1 - USB Serial
2025-08-18 23:48:25,723 controller_wrap.py, line 31, INFO:dev_name:mc602
2025-08-18 23:48:25,746 vehicle_base.py, line 302, INFO:MecanumChassis
2025-08-18 23:48:25,747 vehicle_base.py, line 191, INFO:mecanum init
2025-08-18 23:48:25,891 arm_base.py, line 46, INFO:hand init
2025-08-18 23:48:25,892 arm_base.py, line 257, INFO:change side to -1
2025-08-18 23:48:29,215 arm_base.py, line 257, INFO:change side to 1
2025-08-18 23:49:25,198 serial_wrap.py, line 128, INFO:try:/dev/ttyUSB1 - USB Serial
2025-08-18 23:49:25,293 controller_wrap.py, line 31, INFO:dev_name:mc602
2025-08-18 23:49:25,316 vehicle_base.py, line 302, INFO:MecanumChassis
2025-08-18 23:49:25,316 vehicle_base.py, line 191, INFO:mecanum init
2025-08-18 23:49:28,276 arm_base.py, line 257, INFO:change side to 1
2025-08-18 23:49:50,568 arm_base.py, line 257, INFO:change side to 1
2025-08-18 23:51:07,400 serial_wrap.py, line 128, INFO:try:/dev/ttyUSB1 - USB Serial
2025-08-18 23:51:07,885 serial_wrap.py, line 128, INFO:try:/dev/ttyUSB1 - USB Serial
2025-08-18 23:51:07,980 controller_wrap.py, line 31, INFO:dev_name:mc602
2025-08-18 23:51:08,011 vehicle_base.py, line 302, INFO:MecanumChassis
2025-08-18 23:51:08,012 vehicle_base.py, line 191, INFO:mecanum init
2025-08-18 23:51:08,160 arm_base.py, line 46, INFO:hand init
2025-08-18 23:51:08,160 arm_base.py, line 257, INFO:change side to -1
2025-08-18 23:51:11,472 arm_base.py, line 257, INFO:change side to 1
2025-08-18 23:53:57,730 serial_wrap.py, line 128, INFO:try:/dev/ttyUSB1 - USB Serial
2025-08-18 23:53:57,825 controller_wrap.py, line 31, INFO:dev_name:mc602
2025-08-18 23:53:57,848 vehicle_base.py, line 302, INFO:MecanumChassis
2025-08-18 23:53:57,849 vehicle_base.py, line 191, INFO:mecanum init
2025-08-18 23:53:57,995 arm_base.py, line 46, INFO:hand init
2025-08-18 23:53:57,995 arm_base.py, line 257, INFO:change side to -1
2025-08-18 23:54:01,316 arm_base.py, line 257, INFO:change side to 1
2025-08-18 23:54:40,395 arm_base.py, line 257, INFO:change side to 1
2025-08-18 23:55:39,491 serial_wrap.py, line 128, INFO:try:/dev/ttyUSB1 - USB Serial
2025-08-18 23:55:39,585 controller_wrap.py, line 31, INFO:dev_name:mc602
2025-08-18 23:55:39,608 vehicle_base.py, line 302, INFO:MecanumChassis
2025-08-18 23:55:39,608 vehicle_base.py, line 191, INFO:mecanum init
2025-08-18 23:55:39,752 arm_base.py, line 46, INFO:hand init
2025-08-18 23:55:39,753 arm_base.py, line 257, INFO:change side to -1
2025-08-18 23:55:43,073 arm_base.py, line 257, INFO:change side to 1
2025-08-18 23:58:36,402 serial_wrap.py, line 128, INFO:try:/dev/ttyUSB1 - USB Serial
2025-08-18 23:58:36,888 serial_wrap.py, line 128, INFO:try:/dev/ttyUSB1 - USB Serial
2025-08-18 23:58:37,343 serial_wrap.py, line 274, INFO:is mc602
2025-08-18 23:58:37,343 serial_wrap.py, line 275, INFO:load program
2025-08-18 23:58:38,787 controller_wrap.py, line 31, INFO:dev_name:mc602
2025-08-18 23:58:38,819 vehicle_base.py, line 302, INFO:MecanumChassis
2025-08-18 23:58:38,819 vehicle_base.py, line 191, INFO:mecanum init
2025-08-18 23:58:38,969 arm_base.py, line 46, INFO:hand init
2025-08-18 23:58:38,969 arm_base.py, line 257, INFO:change side to -1
2025-08-18 23:58:42,290 arm_base.py, line 257, INFO:change side to 1
2025-08-18 23:59:26,317 serial_wrap.py, line 128, INFO:try:/dev/ttyUSB1 - USB Serial
2025-08-18 23:59:26,803 serial_wrap.py, line 128, INFO:try:/dev/ttyUSB1 - USB Serial
2025-08-18 23:59:26,898 controller_wrap.py, line 31, INFO:dev_name:mc602
2025-08-18 23:59:26,929 vehicle_base.py, line 302, INFO:MecanumChassis
2025-08-18 23:59:26,930 vehicle_base.py, line 191, INFO:mecanum init
2025-08-18 23:59:29,888 arm_base.py, line 257, INFO:change side to 1
2025-08-18 23:58:13,165 serial_wrap.py, line 146, ERROR:Attempting to use a port that is not open
2025-08-18 23:58:13,203 serial_wrap.py, line 146, ERROR:Attempting to use a port that is not open
2025-08-18 23:58:13,239 serial_wrap.py, line 146, ERROR:Attempting to use a port that is not open
2025-08-18 23:58:13,276 serial_wrap.py, line 146, ERROR:Attempting to use a port that is not open
2025-08-18 23:58:13,313 serial_wrap.py, line 146, ERROR:Attempting to use a port that is not open
2025-08-18 23:58:13,350 serial_wrap.py, line 146, ERROR:Attempting to use a port that is not open
2025-08-18 23:58:13,386 serial_wrap.py, line 146, ERROR:Attempting to use a port that is not open
2025-08-18 23:58:13,393 serial_wrap.py, line 121, ERROR:未找到串口,查看是否插入了串口,或者查看下位机是否开机
