2025-08-13 14:24:04,946 camera.py, line 82, ERROR:read:读取图像错误!!!!
2025-08-13 14:24:04,947 camera.py, line 82, ERROR:read:读取图像错误!!!!
2025-08-13 14:24:04,948 camera.py, line 82, ERROR:read:读取图像错误!!!!
2025-08-13 14:24:04,948 camera.py, line 82, ERROR:read:读取图像错误!!!!
2025-08-13 14:24:04,948 camera.py, line 82, ERROR:read:读取图像错误!!!!
2025-08-13 14:24:04,948 camera.py, line 82, ERROR:read:读取图像错误!!!!
2025-08-13 14:24:04,949 camera.py, line 82, ERROR:read:读取图像错误!!!!
2025-08-13 14:24:04,949 camera.py, line 82, ERROR:read:读取图像错误!!!!
2025-08-13 14:24:04,950 camera.py, line 82, ERROR:read:读取图像错误!!!!
2025-08-13 14:24:04,950 camera.py, line 82, ERROR:read:读取图像错误!!!!
2025-08-13 14:24:04,951 camera.py, line 82, ERROR:read:读取图像错误!!!!
2025-08-13 14:24:04,951 camera.py, line 82, ERROR:read:读取图像错误!!!!
2025-08-13 14:24:04,951 camera.py, line 82, ERROR:read:读取图像错误!!!!
2025-08-13 14:24:04,952 camera.py, line 82, ERROR:read:读取图像错误!!!!
2025-08-13 14:24:04,952 camera.py, line 82, ERROR:read:读取图像错误!!!!
2025-08-13 14:24:04,953 camera.py, line 82, ERROR:read:读取图像错误!!!!
2025-08-13 14:24:04,953 camera.py, line 82, ERROR:read:读取图像错误!!!!
2025-08-13 14:24:04,953 camera.py, line 82, ERROR:read:读取图像错误!!!!
2025-08-13 14:24:04,954 camera.py, line 82, ERROR:read:读取图像错误!!!!
2025-08-13 14:24:04,954 camera.py, line 82, ERROR:read:读取图像错误!!!!
2025-08-13 14:24:04,954 camera.py, line 82, ERROR:read:读取图像错误!!!!
2025-08-13 14:24:04,955 camera.py, line 82, ERROR:read:读取图像错误!!!!
2025-08-13 14:24:04,955 camera.py, line 82, ERROR:read:读取图像错误!!!!
2025-08-13 14:24:04,956 camera.py, line 82, ERROR:read:读取图像错误!!!!
2025-08-13 14:24:04,956 camera.py, line 82, ERROR:read:读取图像错误!!!!
2025-08-13 14:24:04,957 camera.py, line 82, ERROR:read:读取图像错误!!!!
2025-08-13 14:24:04,957 camera.py, line 82, ERROR:read:读取图像错误!!!!
2025-08-13 14:24:04,958 camera.py, line 82, ERROR:read:读取图像错误!!!!
2025-08-13 14:24:04,958 camera.py, line 82, ERROR:read:读取图像错误!!!!
2025-08-13 14:24:04,958 camera.py, line 82, ERROR:read:读取图像错误!!!!
2025-08-13 14:24:04,959 camera.py, line 82, ERROR:read:读取图像错误!!!!
2025-08-13 14:24:04,959 camera.py, line 82, ERROR:read:读取图像错误!!!!
2025-08-13 14:24:04,959 camera.py, line 82, ERROR:read:读取图像错误!!!!
2025-08-13 14:24:04,960 camera.py, line 82, ERROR:read:读取图像错误!!!!
2025-08-13 14:24:04,960 camera.py, line 82, ERROR:read:读取图像错误!!!!
2025-08-13 14:24:04,961 camera.py, line 82, ERROR:read:读取图像错误!!!!
2025-08-13 14:24:04,961 camera.py, line 82, ERROR:read:读取图像错误!!!!
2025-08-13 14:24:04,961 camera.py, line 82, ERROR:read:读取图像错误!!!!
2025-08-13 14:24:04,962 camera.py, line 82, ERROR:read:读取图像错误!!!!
2025-08-13 14:24:04,962 camera.py, line 82, ERROR:read:读取图像错误!!!!
2025-08-13 14:24:04,962 camera.py, line 82, ERROR:read:读取图像错误!!!!
2025-08-13 14:24:04,963 camera.py, line 82, ERROR:read:读取图像错误!!!!
2025-08-13 14:24:04,963 camera.py, line 82, ERROR:read:读取图像错误!!!!
2025-08-13 14:24:04,963 camera.py, line 82, ERROR:read:读取图像错误!!!!
2025-08-13 14:24:04,964 camera.py, line 82, ERROR:read:读取图像错误!!!!
2025-08-13 14:24:04,964 camera.py, line 82, ERROR:read:读取图像错误!!!!
2025-08-13 14:24:04,964 camera.py, line 82, ERROR:read:读取图像错误!!!!
2025-08-13 14:24:04,965 camera.py, line 82, ERROR:read:读取图像错误!!!!
2025-08-13 14:24:04,965 camera.py, line 82, ERROR:read:读取图像错误!!!!
2025-08-13 14:24:04,965 camera.py, line 82, ERROR:read:读取图像错误!!!!
2025-08-13 14:24:04,966 camera.py, line 82, ERROR:read:读取图像错误!!!!
2025-08-13 14:24:04,966 camera.py, line 82, ERROR:read:读取图像错误!!!!
2025-08-13 14:24:04,967 camera.py, line 82, ERROR:read:读取图像错误!!!!
2025-08-13 14:24:04,967 camera.py, line 82, ERROR:read:读取图像错误!!!!
2025-08-13 14:24:04,967 camera.py, line 82, ERROR:read:读取图像错误!!!!
2025-08-13 14:24:04,968 camera.py, line 82, ERROR:read:读取图像错误!!!!
2025-08-13 14:24:04,968 camera.py, line 82, ERROR:read:读取图像错误!!!!
2025-08-13 14:24:04,969 camera.py, line 82, ERROR:read:读取图像错误!!!!
2025-08-13 14:24:04,969 camera.py, line 82, ERROR:read:读取图像错误!!!!
2025-08-13 14:24:04,969 camera.py, line 82, ERROR:read:读取图像错误!!!!
2025-08-13 14:24:04,970 camera.py, line 82, ERROR:read:读取图像错误!!!!
2025-08-13 14:24:04,970 camera.py, line 82, ERROR:read:读取图像错误!!!!
2025-08-13 14:24:04,971 camera.py, line 82, ERROR:read:读取图像错误!!!!
2025-08-13 14:24:04,971 camera.py, line 82, ERROR:read:读取图像错误!!!!
2025-08-13 14:24:04,972 camera.py, line 82, ERROR:read:读取图像错误!!!!
2025-08-13 14:24:04,972 camera.py, line 82, ERROR:read:读取图像错误!!!!
2025-08-13 14:24:04,972 camera.py, line 82, ERROR:read:读取图像错误!!!!
2025-08-13 14:24:04,973 camera.py, line 82, ERROR:read:读取图像错误!!!!
2025-08-13 14:24:04,973 camera.py, line 82, ERROR:read:读取图像错误!!!!
2025-08-13 14:24:04,973 camera.py, line 82, ERROR:read:读取图像错误!!!!
2025-08-13 14:24:04,974 camera.py, line 82, ERROR:read:读取图像错误!!!!
2025-08-13 14:24:04,974 camera.py, line 82, ERROR:read:读取图像错误!!!!
2025-08-13 14:24:04,975 camera.py, line 82, ERROR:read:读取图像错误!!!!
2025-08-13 14:24:04,976 camera.py, line 82, ERROR:read:读取图像错误!!!!
2025-08-13 14:24:04,976 camera.py, line 82, ERROR:read:读取图像错误!!!!
2025-08-13 14:24:04,976 camera.py, line 82, ERROR:read:读取图像错误!!!!
2025-08-13 14:24:04,977 camera.py, line 82, ERROR:read:读取图像错误!!!!
2025-08-13 14:24:04,977 camera.py, line 82, ERROR:read:读取图像错误!!!!
2025-08-13 14:24:04,977 camera.py, line 82, ERROR:read:读取图像错误!!!!
2025-08-13 14:24:04,978 camera.py, line 82, ERROR:read:读取图像错误!!!!
2025-08-13 14:24:04,978 camera.py, line 82, ERROR:read:读取图像错误!!!!
2025-08-13 14:24:04,979 camera.py, line 82, ERROR:read:读取图像错误!!!!
2025-08-13 14:24:04,979 camera.py, line 82, ERROR:read:读取图像错误!!!!
2025-08-13 14:24:04,980 camera.py, line 82, ERROR:read:读取图像错误!!!!
2025-08-13 14:24:04,980 camera.py, line 82, ERROR:read:读取图像错误!!!!
2025-08-13 14:24:04,980 camera.py, line 82, ERROR:read:读取图像错误!!!!
2025-08-13 14:24:04,981 camera.py, line 82, ERROR:read:读取图像错误!!!!
2025-08-13 14:24:04,982 camera.py, line 82, ERROR:read:读取图像错误!!!!
2025-08-13 14:24:04,982 camera.py, line 82, ERROR:read:读取图像错误!!!!
2025-08-13 14:24:04,982 camera.py, line 82, ERROR:read:读取图像错误!!!!
2025-08-13 14:24:04,983 camera.py, line 82, ERROR:read:读取图像错误!!!!
2025-08-13 14:24:04,983 camera.py, line 82, ERROR:read:读取图像错误!!!!
2025-08-13 14:24:04,984 camera.py, line 82, ERROR:read:读取图像错误!!!!
2025-08-13 14:24:04,984 camera.py, line 82, ERROR:read:读取图像错误!!!!
2025-08-13 14:24:04,985 camera.py, line 82, ERROR:read:读取图像错误!!!!
2025-08-13 14:24:04,985 camera.py, line 82, ERROR:read:读取图像错误!!!!
2025-08-13 14:24:04,986 camera.py, line 82, ERROR:read:读取图像错误!!!!
2025-08-13 14:24:04,986 camera.py, line 82, ERROR:read:读取图像错误!!!!
2025-08-13 14:24:04,987 camera.py, line 82, ERROR:read:读取图像错误!!!!
2025-08-13 14:24:04,987 camera.py, line 82, ERROR:read:读取图像错误!!!!
2025-08-13 14:24:04,987 camera.py, line 82, ERROR:read:读取图像错误!!!!
2025-08-13 14:24:04,988 camera.py, line 82, ERROR:read:读取图像错误!!!!
2025-08-13 14:24:04,988 camera.py, line 82, ERROR:read:读取图像错误!!!!
2025-08-13 14:24:04,988 camera.py, line 82, ERROR:read:读取图像错误!!!!
2025-08-13 14:24:04,989 camera.py, line 82, ERROR:read:读取图像错误!!!!
2025-08-13 14:24:04,989 camera.py, line 82, ERROR:read:读取图像错误!!!!
2025-08-13 14:24:04,990 camera.py, line 82, ERROR:read:读取图像错误!!!!
2025-08-13 14:24:04,990 camera.py, line 82, ERROR:read:读取图像错误!!!!
2025-08-13 14:24:04,991 camera.py, line 82, ERROR:read:读取图像错误!!!!
2025-08-13 14:24:04,991 camera.py, line 82, ERROR:read:读取图像错误!!!!
2025-08-13 14:24:04,992 camera.py, line 82, ERROR:read:读取图像错误!!!!
2025-08-13 14:24:04,992 camera.py, line 82, ERROR:read:读取图像错误!!!!
2025-08-13 14:24:04,992 camera.py, line 82, ERROR:read:读取图像错误!!!!
2025-08-13 14:24:04,992 camera.py, line 82, ERROR:read:读取图像错误!!!!
2025-08-13 14:24:04,993 camera.py, line 82, ERROR:read:读取图像错误!!!!
2025-08-13 14:24:04,993 camera.py, line 82, ERROR:read:读取图像错误!!!!
2025-08-13 14:24:04,994 camera.py, line 82, ERROR:read:读取图像错误!!!!
2025-08-13 14:24:04,994 camera.py, line 82, ERROR:read:读取图像错误!!!!
2025-08-13 14:24:04,994 camera.py, line 82, ERROR:read:读取图像错误!!!!
2025-08-13 14:24:04,995 camera.py, line 82, ERROR:read:读取图像错误!!!!
2025-08-13 14:24:04,995 camera.py, line 82, ERROR:read:读取图像错误!!!!
2025-08-13 14:24:04,995 camera.py, line 82, ERROR:read:读取图像错误!!!!
2025-08-13 14:24:04,996 camera.py, line 82, ERROR:read:读取图像错误!!!!
2025-08-13 14:24:04,996 camera.py, line 82, ERROR:read:读取图像错误!!!!
2025-08-13 14:24:04,997 camera.py, line 82, ERROR:read:读取图像错误!!!!
2025-08-13 14:24:04,997 camera.py, line 82, ERROR:read:读取图像错误!!!!
2025-08-13 14:24:04,997 camera.py, line 82, ERROR:read:读取图像错误!!!!
2025-08-13 14:24:04,997 camera.py, line 82, ERROR:read:读取图像错误!!!!
2025-08-13 14:24:04,998 camera.py, line 82, ERROR:read:读取图像错误!!!!
2025-08-13 14:24:04,998 camera.py, line 82, ERROR:read:读取图像错误!!!!
2025-08-13 14:24:04,998 camera.py, line 82, ERROR:read:读取图像错误!!!!
2025-08-13 14:24:04,999 camera.py, line 82, ERROR:read:读取图像错误!!!!
2025-08-13 14:24:04,999 camera.py, line 82, ERROR:read:读取图像错误!!!!
2025-08-13 14:24:05,000 camera.py, line 82, ERROR:read:读取图像错误!!!!
2025-08-13 14:24:05,000 camera.py, line 82, ERROR:read:读取图像错误!!!!
2025-08-13 14:24:05,001 camera.py, line 82, ERROR:read:读取图像错误!!!!
2025-08-13 14:24:05,001 camera.py, line 82, ERROR:read:读取图像错误!!!!
2025-08-13 14:24:05,001 camera.py, line 82, ERROR:read:读取图像错误!!!!
2025-08-13 14:24:05,002 camera.py, line 82, ERROR:read:读取图像错误!!!!
2025-08-13 14:24:05,002 camera.py, line 82, ERROR:read:读取图像错误!!!!
2025-08-13 14:24:05,002 camera.py, line 82, ERROR:read:读取图像错误!!!!
2025-08-13 14:24:05,003 camera.py, line 82, ERROR:read:读取图像错误!!!!
2025-08-13 14:24:05,003 camera.py, line 82, ERROR:read:读取图像错误!!!!
2025-08-13 14:24:05,004 camera.py, line 82, ERROR:read:读取图像错误!!!!
2025-08-13 14:24:05,004 camera.py, line 82, ERROR:read:读取图像错误!!!!
2025-08-13 14:24:05,005 camera.py, line 82, ERROR:read:读取图像错误!!!!
2025-08-13 14:24:05,005 camera.py, line 82, ERROR:read:读取图像错误!!!!
2025-08-13 14:24:05,005 camera.py, line 82, ERROR:read:读取图像错误!!!!
2025-08-13 14:24:05,006 camera.py, line 82, ERROR:read:读取图像错误!!!!
2025-08-13 14:24:05,006 camera.py, line 82, ERROR:read:读取图像错误!!!!
2025-08-13 14:24:05,007 camera.py, line 82, ERROR:read:读取图像错误!!!!
2025-08-13 14:24:05,007 camera.py, line 82, ERROR:read:读取图像错误!!!!
2025-08-13 14:24:05,008 camera.py, line 82, ERROR:read:读取图像错误!!!!
2025-08-13 14:24:05,008 camera.py, line 82, ERROR:read:读取图像错误!!!!
2025-08-13 14:24:05,009 camera.py, line 82, ERROR:read:读取图像错误!!!!
2025-08-13 14:24:05,009 camera.py, line 82, ERROR:read:读取图像错误!!!!
2025-08-13 14:24:05,009 camera.py, line 82, ERROR:read:读取图像错误!!!!
2025-08-13 14:24:05,010 camera.py, line 82, ERROR:read:读取图像错误!!!!
2025-08-13 14:24:05,010 camera.py, line 82, ERROR:read:读取图像错误!!!!
2025-08-13 14:24:05,011 camera.py, line 82, ERROR:read:读取图像错误!!!!
2025-08-13 14:24:05,011 camera.py, line 82, ERROR:read:读取图像错误!!!!
2025-08-13 14:24:05,012 camera.py, line 82, ERROR:read:读取图像错误!!!!
2025-08-13 14:24:05,012 camera.py, line 82, ERROR:read:读取图像错误!!!!
2025-08-13 14:24:05,012 camera.py, line 82, ERROR:read:读取图像错误!!!!
2025-08-13 14:24:05,013 camera.py, line 82, ERROR:read:读取图像错误!!!!
2025-08-13 14:24:05,013 camera.py, line 82, ERROR:read:读取图像错误!!!!
2025-08-13 14:24:05,013 camera.py, line 82, ERROR:read:读取图像错误!!!!
2025-08-13 14:24:05,014 camera.py, line 82, ERROR:read:读取图像错误!!!!
2025-08-13 14:24:05,014 camera.py, line 82, ERROR:read:读取图像错误!!!!
2025-08-13 14:24:05,015 camera.py, line 82, ERROR:read:读取图像错误!!!!
2025-08-13 14:24:05,015 camera.py, line 82, ERROR:read:读取图像错误!!!!
2025-08-13 14:24:05,016 camera.py, line 82, ERROR:read:读取图像错误!!!!
2025-08-13 14:24:05,016 camera.py, line 82, ERROR:read:读取图像错误!!!!
2025-08-13 14:24:05,017 camera.py, line 82, ERROR:read:读取图像错误!!!!
2025-08-13 14:24:05,017 camera.py, line 82, ERROR:read:读取图像错误!!!!
2025-08-13 14:24:05,018 camera.py, line 82, ERROR:read:读取图像错误!!!!
2025-08-13 14:24:05,018 camera.py, line 82, ERROR:read:读取图像错误!!!!
2025-08-13 14:24:05,018 camera.py, line 82, ERROR:read:读取图像错误!!!!
2025-08-13 14:24:05,019 camera.py, line 82, ERROR:read:读取图像错误!!!!
2025-08-13 14:24:05,019 camera.py, line 82, ERROR:read:读取图像错误!!!!
2025-08-13 14:24:05,019 camera.py, line 82, ERROR:read:读取图像错误!!!!
2025-08-13 14:24:05,020 camera.py, line 82, ERROR:read:读取图像错误!!!!
2025-08-13 14:24:05,020 camera.py, line 82, ERROR:read:读取图像错误!!!!
2025-08-13 14:24:05,021 camera.py, line 82, ERROR:read:读取图像错误!!!!
2025-08-13 14:24:05,021 camera.py, line 82, ERROR:read:读取图像错误!!!!
2025-08-13 14:24:05,021 camera.py, line 82, ERROR:read:读取图像错误!!!!
2025-08-13 14:24:05,022 camera.py, line 82, ERROR:read:读取图像错误!!!!
2025-08-13 14:24:05,022 camera.py, line 82, ERROR:read:读取图像错误!!!!
2025-08-13 14:24:05,022 camera.py, line 82, ERROR:read:读取图像错误!!!!
2025-08-13 14:24:05,023 camera.py, line 82, ERROR:read:读取图像错误!!!!
2025-08-13 14:24:05,023 camera.py, line 82, ERROR:read:读取图像错误!!!!
2025-08-13 14:24:05,023 camera.py, line 82, ERROR:read:读取图像错误!!!!
2025-08-13 14:24:05,024 camera.py, line 82, ERROR:read:读取图像错误!!!!
2025-08-13 14:24:05,024 camera.py, line 82, ERROR:read:读取图像错误!!!!
2025-08-13 14:24:05,025 camera.py, line 82, ERROR:read:读取图像错误!!!!
2025-08-13 14:24:05,025 camera.py, line 82, ERROR:read:读取图像错误!!!!
2025-08-13 14:24:05,026 camera.py, line 82, ERROR:read:读取图像错误!!!!
2025-08-13 14:24:05,026 camera.py, line 82, ERROR:read:读取图像错误!!!!
2025-08-13 14:24:05,026 camera.py, line 82, ERROR:read:读取图像错误!!!!
2025-08-13 14:24:05,027 camera.py, line 82, ERROR:read:读取图像错误!!!!
2025-08-13 14:24:05,027 camera.py, line 82, ERROR:read:读取图像错误!!!!
2025-08-13 14:24:05,028 camera.py, line 82, ERROR:read:读取图像错误!!!!
2025-08-13 14:24:05,028 camera.py, line 82, ERROR:read:读取图像错误!!!!
2025-08-13 14:24:05,029 camera.py, line 82, ERROR:read:读取图像错误!!!!
2025-08-13 14:24:05,029 camera.py, line 82, ERROR:read:读取图像错误!!!!
2025-08-13 14:24:05,029 camera.py, line 82, ERROR:read:读取图像错误!!!!
2025-08-13 14:24:05,030 camera.py, line 82, ERROR:read:读取图像错误!!!!
2025-08-13 14:24:05,030 camera.py, line 82, ERROR:read:读取图像错误!!!!
2025-08-13 14:24:05,030 camera.py, line 82, ERROR:read:读取图像错误!!!!
2025-08-13 14:24:05,031 camera.py, line 82, ERROR:read:读取图像错误!!!!
2025-08-13 14:24:05,032 camera.py, line 82, ERROR:read:读取图像错误!!!!
2025-08-13 14:24:05,032 camera.py, line 82, ERROR:read:读取图像错误!!!!
2025-08-13 14:24:05,033 camera.py, line 82, ERROR:read:读取图像错误!!!!
2025-08-13 14:24:05,034 camera.py, line 82, ERROR:read:读取图像错误!!!!
2025-08-13 14:24:05,034 camera.py, line 82, ERROR:read:读取图像错误!!!!
2025-08-13 14:24:05,034 camera.py, line 82, ERROR:read:读取图像错误!!!!
2025-08-13 14:24:05,035 camera.py, line 82, ERROR:read:读取图像错误!!!!
2025-08-13 14:24:05,035 camera.py, line 82, ERROR:read:读取图像错误!!!!
2025-08-13 14:24:05,035 camera.py, line 82, ERROR:read:读取图像错误!!!!
2025-08-13 14:24:05,036 camera.py, line 82, ERROR:read:读取图像错误!!!!
2025-08-13 14:24:05,036 camera.py, line 82, ERROR:read:读取图像错误!!!!
2025-08-13 14:24:05,037 camera.py, line 82, ERROR:read:读取图像错误!!!!
2025-08-13 14:24:05,037 camera.py, line 82, ERROR:read:读取图像错误!!!!
2025-08-13 14:24:05,038 camera.py, line 82, ERROR:read:读取图像错误!!!!
2025-08-13 14:24:05,038 camera.py, line 82, ERROR:read:读取图像错误!!!!
2025-08-13 14:24:05,038 camera.py, line 82, ERROR:read:读取图像错误!!!!
2025-08-13 14:24:05,038 camera.py, line 82, ERROR:read:读取图像错误!!!!
2025-08-13 14:24:05,039 camera.py, line 82, ERROR:read:读取图像错误!!!!
2025-08-13 14:24:05,039 camera.py, line 82, ERROR:read:读取图像错误!!!!
2025-08-13 14:24:05,040 camera.py, line 82, ERROR:read:读取图像错误!!!!
2025-08-13 14:24:05,040 camera.py, line 82, ERROR:read:读取图像错误!!!!
2025-08-13 14:24:05,040 camera.py, line 82, ERROR:read:读取图像错误!!!!
2025-08-13 14:24:05,041 camera.py, line 82, ERROR:read:读取图像错误!!!!
2025-08-13 14:24:05,041 camera.py, line 82, ERROR:read:读取图像错误!!!!
2025-08-13 14:24:05,041 camera.py, line 82, ERROR:read:读取图像错误!!!!
2025-08-13 14:24:05,042 camera.py, line 82, ERROR:read:读取图像错误!!!!
2025-08-13 14:24:05,042 camera.py, line 82, ERROR:read:读取图像错误!!!!
2025-08-13 14:24:05,043 camera.py, line 82, ERROR:read:读取图像错误!!!!
2025-08-13 14:24:05,043 camera.py, line 82, ERROR:read:读取图像错误!!!!
2025-08-13 14:24:05,043 camera.py, line 82, ERROR:read:读取图像错误!!!!
2025-08-13 14:24:05,044 camera.py, line 82, ERROR:read:读取图像错误!!!!
2025-08-13 14:24:05,044 camera.py, line 82, ERROR:read:读取图像错误!!!!
2025-08-13 14:24:05,044 camera.py, line 82, ERROR:read:读取图像错误!!!!
2025-08-13 14:24:05,045 camera.py, line 82, ERROR:read:读取图像错误!!!!
2025-08-13 14:24:05,045 camera.py, line 82, ERROR:read:读取图像错误!!!!
2025-08-13 14:24:05,046 camera.py, line 82, ERROR:read:读取图像错误!!!!
2025-08-13 14:24:05,046 camera.py, line 82, ERROR:read:读取图像错误!!!!
2025-08-13 14:24:05,046 camera.py, line 82, ERROR:read:读取图像错误!!!!
2025-08-13 14:24:05,047 camera.py, line 82, ERROR:read:读取图像错误!!!!
2025-08-13 14:24:05,047 camera.py, line 82, ERROR:read:读取图像错误!!!!
2025-08-13 14:24:05,047 camera.py, line 82, ERROR:read:读取图像错误!!!!
2025-08-13 14:24:05,048 camera.py, line 82, ERROR:read:读取图像错误!!!!
2025-08-13 14:24:05,048 camera.py, line 82, ERROR:read:读取图像错误!!!!
2025-08-13 14:24:05,049 camera.py, line 82, ERROR:read:读取图像错误!!!!
2025-08-13 14:24:05,049 camera.py, line 82, ERROR:read:读取图像错误!!!!
2025-08-13 14:24:05,050 camera.py, line 82, ERROR:read:读取图像错误!!!!
2025-08-13 14:24:05,050 camera.py, line 82, ERROR:read:读取图像错误!!!!
2025-08-13 14:24:05,050 camera.py, line 82, ERROR:read:读取图像错误!!!!
2025-08-13 14:24:05,050 camera.py, line 82, ERROR:read:读取图像错误!!!!
2025-08-13 14:24:05,051 camera.py, line 82, ERROR:read:读取图像错误!!!!
2025-08-13 14:24:05,051 camera.py, line 82, ERROR:read:读取图像错误!!!!
2025-08-13 14:24:05,052 camera.py, line 82, ERROR:read:读取图像错误!!!!
2025-08-13 14:24:05,052 camera.py, line 82, ERROR:read:读取图像错误!!!!
2025-08-13 14:24:05,052 camera.py, line 82, ERROR:read:读取图像错误!!!!
2025-08-13 14:24:05,053 camera.py, line 82, ERROR:read:读取图像错误!!!!
2025-08-13 14:24:05,053 camera.py, line 82, ERROR:read:读取图像错误!!!!
2025-08-13 14:24:05,053 camera.py, line 82, ERROR:read:读取图像错误!!!!
2025-08-13 14:24:05,054 camera.py, line 82, ERROR:read:读取图像错误!!!!
2025-08-13 14:24:05,054 camera.py, line 82, ERROR:read:读取图像错误!!!!
2025-08-13 14:24:05,055 camera.py, line 82, ERROR:read:读取图像错误!!!!
2025-08-13 14:24:05,055 camera.py, line 82, ERROR:read:读取图像错误!!!!
2025-08-13 14:24:05,056 camera.py, line 82, ERROR:read:读取图像错误!!!!
2025-08-13 14:24:05,056 camera.py, line 82, ERROR:read:读取图像错误!!!!
2025-08-13 14:24:05,056 camera.py, line 82, ERROR:read:读取图像错误!!!!
2025-08-13 14:24:05,056 camera.py, line 82, ERROR:read:读取图像错误!!!!
2025-08-13 14:24:05,057 camera.py, line 82, ERROR:read:读取图像错误!!!!
2025-08-13 14:24:05,057 camera.py, line 82, ERROR:read:读取图像错误!!!!
2025-08-13 14:24:05,058 camera.py, line 82, ERROR:read:读取图像错误!!!!
2025-08-13 14:24:05,058 camera.py, line 82, ERROR:read:读取图像错误!!!!
2025-08-13 14:24:05,059 camera.py, line 82, ERROR:read:读取图像错误!!!!
2025-08-13 14:24:05,059 camera.py, line 82, ERROR:read:读取图像错误!!!!
2025-08-13 14:24:05,060 camera.py, line 82, ERROR:read:读取图像错误!!!!
2025-08-13 14:24:05,060 camera.py, line 82, ERROR:read:读取图像错误!!!!
2025-08-13 14:24:05,060 camera.py, line 82, ERROR:read:读取图像错误!!!!
2025-08-13 14:24:05,060 camera.py, line 82, ERROR:read:读取图像错误!!!!
2025-08-13 14:24:05,061 camera.py, line 82, ERROR:read:读取图像错误!!!!
2025-08-13 14:24:05,061 camera.py, line 82, ERROR:read:读取图像错误!!!!
2025-08-13 14:24:05,062 camera.py, line 82, ERROR:read:读取图像错误!!!!
2025-08-13 14:24:05,062 camera.py, line 82, ERROR:read:读取图像错误!!!!
2025-08-13 14:24:05,063 camera.py, line 82, ERROR:read:读取图像错误!!!!
2025-08-13 14:24:05,063 camera.py, line 82, ERROR:read:读取图像错误!!!!
2025-08-13 14:24:05,064 camera.py, line 82, ERROR:read:读取图像错误!!!!
2025-08-13 14:24:05,064 camera.py, line 82, ERROR:read:读取图像错误!!!!
2025-08-13 14:24:05,065 camera.py, line 82, ERROR:read:读取图像错误!!!!
2025-08-13 14:24:05,065 camera.py, line 82, ERROR:read:读取图像错误!!!!
2025-08-13 14:24:05,066 camera.py, line 82, ERROR:read:读取图像错误!!!!
2025-08-13 14:24:05,066 camera.py, line 82, ERROR:read:读取图像错误!!!!
2025-08-13 14:24:05,067 camera.py, line 82, ERROR:read:读取图像错误!!!!
2025-08-13 14:24:05,067 camera.py, line 82, ERROR:read:读取图像错误!!!!
2025-08-13 14:24:05,068 camera.py, line 82, ERROR:read:读取图像错误!!!!
2025-08-13 14:24:05,068 camera.py, line 82, ERROR:read:读取图像错误!!!!
2025-08-13 14:24:05,069 camera.py, line 82, ERROR:read:读取图像错误!!!!
2025-08-13 14:24:05,069 camera.py, line 82, ERROR:read:读取图像错误!!!!
2025-08-13 14:24:05,070 camera.py, line 82, ERROR:read:读取图像错误!!!!
2025-08-13 14:24:05,070 camera.py, line 82, ERROR:read:读取图像错误!!!!
2025-08-13 14:24:05,071 camera.py, line 82, ERROR:read:读取图像错误!!!!
2025-08-13 14:24:05,071 camera.py, line 82, ERROR:read:读取图像错误!!!!
2025-08-13 14:24:05,072 camera.py, line 82, ERROR:read:读取图像错误!!!!
2025-08-13 14:24:05,072 camera.py, line 82, ERROR:read:读取图像错误!!!!
2025-08-13 14:24:05,073 camera.py, line 82, ERROR:read:读取图像错误!!!!
2025-08-13 14:24:05,073 camera.py, line 82, ERROR:read:读取图像错误!!!!
2025-08-13 14:24:05,074 camera.py, line 82, ERROR:read:读取图像错误!!!!
2025-08-13 14:24:05,074 camera.py, line 82, ERROR:read:读取图像错误!!!!
2025-08-13 14:24:05,075 camera.py, line 82, ERROR:read:读取图像错误!!!!
2025-08-13 14:24:05,075 camera.py, line 82, ERROR:read:读取图像错误!!!!
2025-08-13 14:24:05,075 camera.py, line 82, ERROR:read:读取图像错误!!!!
2025-08-13 14:24:05,076 camera.py, line 82, ERROR:read:读取图像错误!!!!
2025-08-13 14:24:05,076 camera.py, line 82, ERROR:read:读取图像错误!!!!
2025-08-13 14:24:05,077 camera.py, line 82, ERROR:read:读取图像错误!!!!
2025-08-13 14:24:05,077 camera.py, line 82, ERROR:read:读取图像错误!!!!
2025-08-13 14:24:05,077 camera.py, line 82, ERROR:read:读取图像错误!!!!
2025-08-13 14:24:05,078 camera.py, line 82, ERROR:read:读取图像错误!!!!
2025-08-13 14:24:05,078 camera.py, line 82, ERROR:read:读取图像错误!!!!
2025-08-13 14:24:05,079 camera.py, line 82, ERROR:read:读取图像错误!!!!
2025-08-13 14:24:05,079 camera.py, line 82, ERROR:read:读取图像错误!!!!
2025-08-13 14:24:05,080 camera.py, line 82, ERROR:read:读取图像错误!!!!
2025-08-13 14:24:05,080 camera.py, line 82, ERROR:read:读取图像错误!!!!
2025-08-13 14:24:05,081 camera.py, line 82, ERROR:read:读取图像错误!!!!
2025-08-13 14:24:05,081 camera.py, line 82, ERROR:read:读取图像错误!!!!
2025-08-13 14:24:05,082 camera.py, line 82, ERROR:read:读取图像错误!!!!
2025-08-13 14:24:05,082 camera.py, line 82, ERROR:read:读取图像错误!!!!
2025-08-13 14:24:05,083 camera.py, line 82, ERROR:read:读取图像错误!!!!
2025-08-13 14:24:05,083 camera.py, line 82, ERROR:read:读取图像错误!!!!
2025-08-13 14:24:05,084 camera.py, line 82, ERROR:read:读取图像错误!!!!
2025-08-13 14:24:05,084 camera.py, line 82, ERROR:read:读取图像错误!!!!
2025-08-13 14:24:05,085 camera.py, line 82, ERROR:read:读取图像错误!!!!
2025-08-13 14:24:05,085 camera.py, line 82, ERROR:read:读取图像错误!!!!
2025-08-13 14:24:05,086 camera.py, line 82, ERROR:read:读取图像错误!!!!
2025-08-13 14:24:05,086 camera.py, line 82, ERROR:read:读取图像错误!!!!
2025-08-13 14:24:05,087 camera.py, line 82, ERROR:read:读取图像错误!!!!
2025-08-13 14:24:05,087 camera.py, line 82, ERROR:read:读取图像错误!!!!
2025-08-13 14:24:05,088 camera.py, line 82, ERROR:read:读取图像错误!!!!
2025-08-13 14:24:05,088 camera.py, line 82, ERROR:read:读取图像错误!!!!
2025-08-13 14:24:05,089 camera.py, line 82, ERROR:read:读取图像错误!!!!
2025-08-13 14:24:05,089 camera.py, line 82, ERROR:read:读取图像错误!!!!
2025-08-13 14:24:05,090 camera.py, line 82, ERROR:read:读取图像错误!!!!
2025-08-13 14:24:05,090 camera.py, line 82, ERROR:read:读取图像错误!!!!
2025-08-13 14:24:05,091 camera.py, line 82, ERROR:read:读取图像错误!!!!
2025-08-13 14:24:05,091 camera.py, line 82, ERROR:read:读取图像错误!!!!
2025-08-13 14:24:05,092 camera.py, line 82, ERROR:read:读取图像错误!!!!
2025-08-13 14:24:05,092 camera.py, line 82, ERROR:read:读取图像错误!!!!
2025-08-13 14:24:05,093 camera.py, line 82, ERROR:read:读取图像错误!!!!
2025-08-13 14:24:05,093 camera.py, line 82, ERROR:read:读取图像错误!!!!
2025-08-13 14:24:05,094 camera.py, line 82, ERROR:read:读取图像错误!!!!
2025-08-13 14:24:05,094 camera.py, line 82, ERROR:read:读取图像错误!!!!
2025-08-13 14:24:05,095 camera.py, line 82, ERROR:read:读取图像错误!!!!
2025-08-13 14:24:05,095 camera.py, line 82, ERROR:read:读取图像错误!!!!
2025-08-13 14:24:05,096 camera.py, line 82, ERROR:read:读取图像错误!!!!
2025-08-13 14:24:05,096 camera.py, line 82, ERROR:read:读取图像错误!!!!
2025-08-13 14:24:05,097 camera.py, line 82, ERROR:read:读取图像错误!!!!
2025-08-13 14:24:05,097 camera.py, line 82, ERROR:read:读取图像错误!!!!
2025-08-13 14:24:05,098 camera.py, line 82, ERROR:read:读取图像错误!!!!
2025-08-13 14:24:05,098 camera.py, line 82, ERROR:read:读取图像错误!!!!
2025-08-13 14:24:05,098 camera.py, line 82, ERROR:read:读取图像错误!!!!
2025-08-13 14:24:05,099 camera.py, line 82, ERROR:read:读取图像错误!!!!
2025-08-13 14:24:05,099 camera.py, line 82, ERROR:read:读取图像错误!!!!
2025-08-13 14:24:05,100 camera.py, line 82, ERROR:read:读取图像错误!!!!
2025-08-13 14:24:05,100 camera.py, line 82, ERROR:read:读取图像错误!!!!
2025-08-13 14:24:05,100 camera.py, line 82, ERROR:read:读取图像错误!!!!
2025-08-13 14:24:05,101 camera.py, line 82, ERROR:read:读取图像错误!!!!
2025-08-13 14:24:05,101 camera.py, line 82, ERROR:read:读取图像错误!!!!
2025-08-13 14:24:05,102 camera.py, line 82, ERROR:read:读取图像错误!!!!
2025-08-13 14:24:05,102 camera.py, line 82, ERROR:read:读取图像错误!!!!
2025-08-13 14:24:05,102 camera.py, line 82, ERROR:read:读取图像错误!!!!
2025-08-13 14:24:05,103 camera.py, line 82, ERROR:read:读取图像错误!!!!
2025-08-13 14:24:05,103 camera.py, line 82, ERROR:read:读取图像错误!!!!
2025-08-13 14:24:05,104 camera.py, line 82, ERROR:read:读取图像错误!!!!
2025-08-13 14:24:05,104 camera.py, line 82, ERROR:read:读取图像错误!!!!
2025-08-13 14:24:05,105 camera.py, line 82, ERROR:read:读取图像错误!!!!
2025-08-13 14:24:05,105 camera.py, line 82, ERROR:read:读取图像错误!!!!
2025-08-13 14:24:05,105 camera.py, line 82, ERROR:read:读取图像错误!!!!
2025-08-13 14:24:05,105 camera.py, line 82, ERROR:read:读取图像错误!!!!
2025-08-13 14:24:05,106 camera.py, line 82, ERROR:read:读取图像错误!!!!
2025-08-13 14:24:05,106 camera.py, line 82, ERROR:read:读取图像错误!!!!
2025-08-13 14:24:05,107 camera.py, line 82, ERROR:read:读取图像错误!!!!
2025-08-13 14:24:05,107 camera.py, line 82, ERROR:read:读取图像错误!!!!
2025-08-13 14:24:05,108 camera.py, line 82, ERROR:read:读取图像错误!!!!
2025-08-13 14:24:05,108 camera.py, line 82, ERROR:read:读取图像错误!!!!
2025-08-13 14:24:05,108 camera.py, line 82, ERROR:read:读取图像错误!!!!
2025-08-13 14:24:05,109 camera.py, line 82, ERROR:read:读取图像错误!!!!
2025-08-13 14:24:05,109 camera.py, line 82, ERROR:read:读取图像错误!!!!
2025-08-13 14:24:05,109 camera.py, line 82, ERROR:read:读取图像错误!!!!
2025-08-13 14:24:05,110 camera.py, line 82, ERROR:read:读取图像错误!!!!
2025-08-13 14:24:05,110 camera.py, line 82, ERROR:read:读取图像错误!!!!
2025-08-13 14:24:05,111 camera.py, line 82, ERROR:read:读取图像错误!!!!
2025-08-13 14:24:05,111 camera.py, line 82, ERROR:read:读取图像错误!!!!
2025-08-13 14:24:05,112 camera.py, line 82, ERROR:read:读取图像错误!!!!
2025-08-13 14:24:05,112 camera.py, line 82, ERROR:read:读取图像错误!!!!
2025-08-13 14:24:05,112 camera.py, line 82, ERROR:read:读取图像错误!!!!
2025-08-13 14:24:05,112 camera.py, line 82, ERROR:read:读取图像错误!!!!
2025-08-13 14:24:05,113 camera.py, line 82, ERROR:read:读取图像错误!!!!
2025-08-13 14:24:05,113 camera.py, line 82, ERROR:read:读取图像错误!!!!
2025-08-13 14:24:05,114 camera.py, line 82, ERROR:read:读取图像错误!!!!
2025-08-13 14:24:05,114 camera.py, line 82, ERROR:read:读取图像错误!!!!
2025-08-13 14:24:05,115 camera.py, line 82, ERROR:read:读取图像错误!!!!
2025-08-13 14:24:05,115 camera.py, line 82, ERROR:read:读取图像错误!!!!
2025-08-13 14:24:05,115 camera.py, line 82, ERROR:read:读取图像错误!!!!
2025-08-13 14:24:05,115 camera.py, line 82, ERROR:read:读取图像错误!!!!
2025-08-13 14:24:05,116 camera.py, line 82, ERROR:read:读取图像错误!!!!
2025-08-13 14:24:05,116 camera.py, line 82, ERROR:read:读取图像错误!!!!
2025-08-13 14:24:05,117 camera.py, line 82, ERROR:read:读取图像错误!!!!
2025-08-13 14:24:05,117 camera.py, line 82, ERROR:read:读取图像错误!!!!
2025-08-13 14:24:05,118 camera.py, line 82, ERROR:read:读取图像错误!!!!
2025-08-13 14:24:05,118 camera.py, line 82, ERROR:read:读取图像错误!!!!
2025-08-13 14:24:05,118 camera.py, line 82, ERROR:read:读取图像错误!!!!
2025-08-13 14:24:05,118 camera.py, line 82, ERROR:read:读取图像错误!!!!
2025-08-13 14:24:05,119 camera.py, line 82, ERROR:read:读取图像错误!!!!
2025-08-13 14:24:05,119 camera.py, line 82, ERROR:read:读取图像错误!!!!
2025-08-13 14:24:05,120 camera.py, line 82, ERROR:read:读取图像错误!!!!
2025-08-13 14:24:05,120 camera.py, line 82, ERROR:read:读取图像错误!!!!
2025-08-13 14:24:05,121 camera.py, line 82, ERROR:read:读取图像错误!!!!
2025-08-13 14:24:05,121 camera.py, line 82, ERROR:read:读取图像错误!!!!
2025-08-13 14:24:05,121 camera.py, line 82, ERROR:read:读取图像错误!!!!
2025-08-13 14:24:05,121 camera.py, line 82, ERROR:read:读取图像错误!!!!
2025-08-13 14:24:05,122 camera.py, line 82, ERROR:read:读取图像错误!!!!
2025-08-13 14:24:05,122 camera.py, line 82, ERROR:read:读取图像错误!!!!
2025-08-13 14:24:05,123 camera.py, line 82, ERROR:read:读取图像错误!!!!
2025-08-13 14:24:05,123 camera.py, line 82, ERROR:read:读取图像错误!!!!
2025-08-13 14:24:05,124 camera.py, line 82, ERROR:read:读取图像错误!!!!
2025-08-13 14:24:05,124 camera.py, line 82, ERROR:read:读取图像错误!!!!
2025-08-13 14:24:05,124 camera.py, line 82, ERROR:read:读取图像错误!!!!
2025-08-13 14:24:05,125 camera.py, line 82, ERROR:read:读取图像错误!!!!
2025-08-13 14:24:05,125 camera.py, line 82, ERROR:read:读取图像错误!!!!
2025-08-13 14:24:05,125 camera.py, line 82, ERROR:read:读取图像错误!!!!
2025-08-13 14:24:05,126 camera.py, line 82, ERROR:read:读取图像错误!!!!
2025-08-13 14:24:05,126 camera.py, line 82, ERROR:read:读取图像错误!!!!
2025-08-13 14:24:05,127 camera.py, line 82, ERROR:read:读取图像错误!!!!
2025-08-13 14:24:05,127 camera.py, line 82, ERROR:read:读取图像错误!!!!
2025-08-13 14:24:05,128 camera.py, line 82, ERROR:read:读取图像错误!!!!
2025-08-13 14:24:05,128 camera.py, line 82, ERROR:read:读取图像错误!!!!
2025-08-13 14:24:05,128 camera.py, line 82, ERROR:read:读取图像错误!!!!
2025-08-13 14:24:05,128 camera.py, line 82, ERROR:read:读取图像错误!!!!
2025-08-13 14:24:05,129 camera.py, line 82, ERROR:read:读取图像错误!!!!
2025-08-13 14:24:05,129 camera.py, line 82, ERROR:read:读取图像错误!!!!
2025-08-13 14:24:05,130 camera.py, line 82, ERROR:read:读取图像错误!!!!
2025-08-13 14:24:05,130 camera.py, line 82, ERROR:read:读取图像错误!!!!
2025-08-13 14:24:05,131 camera.py, line 82, ERROR:read:读取图像错误!!!!
2025-08-13 14:24:05,131 camera.py, line 82, ERROR:read:读取图像错误!!!!
2025-08-13 14:24:05,131 camera.py, line 82, ERROR:read:读取图像错误!!!!
2025-08-13 14:24:05,131 camera.py, line 82, ERROR:read:读取图像错误!!!!
2025-08-13 14:24:05,132 camera.py, line 82, ERROR:read:读取图像错误!!!!
2025-08-13 14:24:05,132 camera.py, line 82, ERROR:read:读取图像错误!!!!
2025-08-13 14:24:05,133 camera.py, line 82, ERROR:read:读取图像错误!!!!
2025-08-13 14:24:05,133 camera.py, line 82, ERROR:read:读取图像错误!!!!
2025-08-13 14:24:05,134 camera.py, line 82, ERROR:read:读取图像错误!!!!
2025-08-13 14:24:05,134 camera.py, line 82, ERROR:read:读取图像错误!!!!
2025-08-13 14:24:05,134 camera.py, line 82, ERROR:read:读取图像错误!!!!
2025-08-13 14:24:05,134 camera.py, line 82, ERROR:read:读取图像错误!!!!
2025-08-13 14:24:05,135 camera.py, line 82, ERROR:read:读取图像错误!!!!
2025-08-13 14:24:05,135 camera.py, line 82, ERROR:read:读取图像错误!!!!
2025-08-13 14:24:05,136 camera.py, line 82, ERROR:read:读取图像错误!!!!
2025-08-13 14:24:05,136 camera.py, line 82, ERROR:read:读取图像错误!!!!
2025-08-13 14:24:05,137 camera.py, line 82, ERROR:read:读取图像错误!!!!
2025-08-13 14:24:05,137 camera.py, line 82, ERROR:read:读取图像错误!!!!
2025-08-13 14:24:05,137 camera.py, line 82, ERROR:read:读取图像错误!!!!
2025-08-13 14:24:05,138 camera.py, line 82, ERROR:read:读取图像错误!!!!
2025-08-13 14:24:05,139 camera.py, line 82, ERROR:read:读取图像错误!!!!
2025-08-13 14:24:05,139 camera.py, line 82, ERROR:read:读取图像错误!!!!
2025-08-13 14:24:05,139 camera.py, line 82, ERROR:read:读取图像错误!!!!
2025-08-13 14:24:05,140 camera.py, line 82, ERROR:read:读取图像错误!!!!
2025-08-13 14:24:05,140 camera.py, line 82, ERROR:read:读取图像错误!!!!
2025-08-13 14:24:05,140 camera.py, line 82, ERROR:read:读取图像错误!!!!
2025-08-13 14:24:05,141 camera.py, line 82, ERROR:read:读取图像错误!!!!
2025-08-13 14:24:05,141 camera.py, line 82, ERROR:read:读取图像错误!!!!
2025-08-13 14:24:05,141 camera.py, line 82, ERROR:read:读取图像错误!!!!
2025-08-13 14:24:05,142 camera.py, line 82, ERROR:read:读取图像错误!!!!
2025-08-13 14:24:05,142 camera.py, line 82, ERROR:read:读取图像错误!!!!
2025-08-13 14:24:05,143 camera.py, line 82, ERROR:read:读取图像错误!!!!
2025-08-13 14:24:05,143 camera.py, line 82, ERROR:read:读取图像错误!!!!
2025-08-13 14:24:05,144 camera.py, line 82, ERROR:read:读取图像错误!!!!
2025-08-13 14:24:05,144 camera.py, line 82, ERROR:read:读取图像错误!!!!
2025-08-13 14:24:05,144 camera.py, line 82, ERROR:read:读取图像错误!!!!
2025-08-13 14:24:05,144 camera.py, line 82, ERROR:read:读取图像错误!!!!
2025-08-13 14:24:05,145 camera.py, line 82, ERROR:read:读取图像错误!!!!
2025-08-13 14:24:05,145 camera.py, line 82, ERROR:read:读取图像错误!!!!
2025-08-13 14:24:05,146 camera.py, line 82, ERROR:read:读取图像错误!!!!
2025-08-13 14:24:05,146 camera.py, line 82, ERROR:read:读取图像错误!!!!
2025-08-13 14:24:05,147 camera.py, line 82, ERROR:read:读取图像错误!!!!
2025-08-13 14:24:05,147 camera.py, line 82, ERROR:read:读取图像错误!!!!
2025-08-13 14:24:05,147 camera.py, line 82, ERROR:read:读取图像错误!!!!
2025-08-13 14:24:05,147 camera.py, line 82, ERROR:read:读取图像错误!!!!
2025-08-13 14:24:05,148 camera.py, line 82, ERROR:read:读取图像错误!!!!
2025-08-13 14:24:05,148 camera.py, line 82, ERROR:read:读取图像错误!!!!
2025-08-13 14:24:05,149 camera.py, line 82, ERROR:read:读取图像错误!!!!
2025-08-13 14:24:05,149 camera.py, line 82, ERROR:read:读取图像错误!!!!
2025-08-13 14:24:05,150 camera.py, line 82, ERROR:read:读取图像错误!!!!
2025-08-13 14:24:05,150 camera.py, line 82, ERROR:read:读取图像错误!!!!
2025-08-13 14:24:05,150 camera.py, line 82, ERROR:read:读取图像错误!!!!
2025-08-13 14:24:05,151 camera.py, line 82, ERROR:read:读取图像错误!!!!
2025-08-13 14:24:05,151 camera.py, line 82, ERROR:read:读取图像错误!!!!
2025-08-13 14:24:05,151 camera.py, line 82, ERROR:read:读取图像错误!!!!
2025-08-13 14:24:05,152 camera.py, line 82, ERROR:read:读取图像错误!!!!
2025-08-13 14:24:05,152 camera.py, line 82, ERROR:read:读取图像错误!!!!
2025-08-13 14:24:05,153 camera.py, line 82, ERROR:read:读取图像错误!!!!
2025-08-13 14:24:05,153 camera.py, line 82, ERROR:read:读取图像错误!!!!
2025-08-13 14:24:05,154 camera.py, line 82, ERROR:read:读取图像错误!!!!
2025-08-13 14:24:05,154 camera.py, line 82, ERROR:read:读取图像错误!!!!
2025-08-13 14:24:05,154 camera.py, line 82, ERROR:read:读取图像错误!!!!
2025-08-13 14:24:05,155 camera.py, line 82, ERROR:read:读取图像错误!!!!
2025-08-13 14:24:05,155 camera.py, line 82, ERROR:read:读取图像错误!!!!
2025-08-13 14:24:05,155 camera.py, line 82, ERROR:read:读取图像错误!!!!
2025-08-13 14:24:05,156 camera.py, line 82, ERROR:read:读取图像错误!!!!
2025-08-13 14:24:05,156 camera.py, line 82, ERROR:read:读取图像错误!!!!
2025-08-13 14:24:05,157 camera.py, line 82, ERROR:read:读取图像错误!!!!
2025-08-13 14:24:05,157 camera.py, line 82, ERROR:read:读取图像错误!!!!
2025-08-13 14:24:05,157 camera.py, line 82, ERROR:read:读取图像错误!!!!
2025-08-13 14:24:05,158 camera.py, line 82, ERROR:read:读取图像错误!!!!
2025-08-13 14:24:05,158 camera.py, line 82, ERROR:read:读取图像错误!!!!
2025-08-13 14:24:05,158 camera.py, line 82, ERROR:read:读取图像错误!!!!
2025-08-13 14:24:05,159 camera.py, line 82, ERROR:read:读取图像错误!!!!
2025-08-13 14:24:05,159 camera.py, line 82, ERROR:read:读取图像错误!!!!
2025-08-13 14:24:05,160 camera.py, line 82, ERROR:read:读取图像错误!!!!
2025-08-13 14:24:05,160 camera.py, line 82, ERROR:read:读取图像错误!!!!
2025-08-13 14:24:05,160 camera.py, line 82, ERROR:read:读取图像错误!!!!
2025-08-13 14:24:05,161 camera.py, line 82, ERROR:read:读取图像错误!!!!
2025-08-13 14:24:05,161 camera.py, line 82, ERROR:read:读取图像错误!!!!
2025-08-13 14:24:05,161 camera.py, line 82, ERROR:read:读取图像错误!!!!
2025-08-13 14:24:05,162 camera.py, line 82, ERROR:read:读取图像错误!!!!
2025-08-13 14:24:05,162 camera.py, line 82, ERROR:read:读取图像错误!!!!
2025-08-13 14:24:05,163 camera.py, line 82, ERROR:read:读取图像错误!!!!
2025-08-13 14:24:05,163 camera.py, line 82, ERROR:read:读取图像错误!!!!
2025-08-13 14:24:05,163 camera.py, line 82, ERROR:read:读取图像错误!!!!
2025-08-13 14:24:05,164 camera.py, line 82, ERROR:read:读取图像错误!!!!
2025-08-13 14:24:05,164 camera.py, line 82, ERROR:read:读取图像错误!!!!
2025-08-13 14:24:05,164 camera.py, line 82, ERROR:read:读取图像错误!!!!
2025-08-13 14:24:05,165 camera.py, line 82, ERROR:read:读取图像错误!!!!
2025-08-13 14:24:05,165 camera.py, line 82, ERROR:read:读取图像错误!!!!
2025-08-13 14:24:05,166 camera.py, line 82, ERROR:read:读取图像错误!!!!
2025-08-13 14:24:05,166 camera.py, line 82, ERROR:read:读取图像错误!!!!
2025-08-13 14:24:05,166 camera.py, line 82, ERROR:read:读取图像错误!!!!
2025-08-13 14:24:05,167 camera.py, line 82, ERROR:read:读取图像错误!!!!
2025-08-13 14:24:05,167 camera.py, line 82, ERROR:read:读取图像错误!!!!
2025-08-13 14:24:05,167 camera.py, line 82, ERROR:read:读取图像错误!!!!
2025-08-13 14:24:05,168 camera.py, line 82, ERROR:read:读取图像错误!!!!
2025-08-13 14:24:05,168 camera.py, line 82, ERROR:read:读取图像错误!!!!
2025-08-13 14:24:05,169 camera.py, line 82, ERROR:read:读取图像错误!!!!
2025-08-13 14:24:05,169 camera.py, line 82, ERROR:read:读取图像错误!!!!
2025-08-13 14:24:05,169 camera.py, line 82, ERROR:read:读取图像错误!!!!
2025-08-13 14:24:05,170 camera.py, line 82, ERROR:read:读取图像错误!!!!
2025-08-13 14:24:05,170 camera.py, line 82, ERROR:read:读取图像错误!!!!
2025-08-13 14:24:05,170 camera.py, line 82, ERROR:read:读取图像错误!!!!
2025-08-13 14:24:05,171 camera.py, line 82, ERROR:read:读取图像错误!!!!
2025-08-13 14:24:05,171 camera.py, line 82, ERROR:read:读取图像错误!!!!
2025-08-13 14:24:05,172 camera.py, line 82, ERROR:read:读取图像错误!!!!
2025-08-13 14:24:05,172 camera.py, line 82, ERROR:read:读取图像错误!!!!
2025-08-13 14:24:05,173 camera.py, line 82, ERROR:read:读取图像错误!!!!
2025-08-13 14:24:05,173 camera.py, line 82, ERROR:read:读取图像错误!!!!
2025-08-13 14:24:05,173 camera.py, line 82, ERROR:read:读取图像错误!!!!
2025-08-13 14:24:05,174 camera.py, line 82, ERROR:read:读取图像错误!!!!
2025-08-13 14:24:05,174 camera.py, line 82, ERROR:read:读取图像错误!!!!
2025-08-13 14:24:05,174 camera.py, line 82, ERROR:read:读取图像错误!!!!
2025-08-13 14:24:05,175 camera.py, line 82, ERROR:read:读取图像错误!!!!
2025-08-13 14:24:05,175 camera.py, line 82, ERROR:read:读取图像错误!!!!
2025-08-13 14:24:05,176 camera.py, line 82, ERROR:read:读取图像错误!!!!
2025-08-13 14:24:05,176 camera.py, line 82, ERROR:read:读取图像错误!!!!
2025-08-13 14:24:05,176 camera.py, line 82, ERROR:read:读取图像错误!!!!
2025-08-13 14:24:05,177 camera.py, line 82, ERROR:read:读取图像错误!!!!
2025-08-13 14:24:05,177 camera.py, line 82, ERROR:read:读取图像错误!!!!
2025-08-13 14:24:05,177 camera.py, line 82, ERROR:read:读取图像错误!!!!
2025-08-13 14:24:05,178 camera.py, line 82, ERROR:read:读取图像错误!!!!
2025-08-13 14:24:05,178 camera.py, line 82, ERROR:read:读取图像错误!!!!
2025-08-13 14:24:05,179 camera.py, line 82, ERROR:read:读取图像错误!!!!
2025-08-13 14:24:05,179 camera.py, line 82, ERROR:read:读取图像错误!!!!
2025-08-13 14:24:05,179 camera.py, line 82, ERROR:read:读取图像错误!!!!
2025-08-13 14:24:05,180 camera.py, line 82, ERROR:read:读取图像错误!!!!
2025-08-13 14:24:05,180 camera.py, line 82, ERROR:read:读取图像错误!!!!
2025-08-13 14:24:05,180 camera.py, line 82, ERROR:read:读取图像错误!!!!
2025-08-13 14:24:05,181 camera.py, line 82, ERROR:read:读取图像错误!!!!
2025-08-13 14:24:05,181 camera.py, line 82, ERROR:read:读取图像错误!!!!
2025-08-13 14:24:05,182 camera.py, line 82, ERROR:read:读取图像错误!!!!
2025-08-13 14:24:05,182 camera.py, line 82, ERROR:read:读取图像错误!!!!
2025-08-13 14:24:05,183 camera.py, line 82, ERROR:read:读取图像错误!!!!
2025-08-13 14:24:05,183 camera.py, line 82, ERROR:read:读取图像错误!!!!
2025-08-13 14:24:05,184 camera.py, line 82, ERROR:read:读取图像错误!!!!
2025-08-13 14:24:05,184 camera.py, line 82, ERROR:read:读取图像错误!!!!
2025-08-13 14:24:05,185 camera.py, line 82, ERROR:read:读取图像错误!!!!
2025-08-13 14:24:16,581 serial_wrap.py, line 121, INFO:try:/dev/ttyUSB0 - USB Serial
2025-08-13 14:24:17,018 serial_wrap.py, line 323, ERROR:get_anwser timeout 
2025-08-13 14:24:17,053 serial_wrap.py, line 140, ERROR:未找到支持的设备
2025-08-13 14:24:17,054 serial_wrap.py, line 65, CRITICAL:未接控制器或者控制器没有开机,或者程序运行错误!
2025-08-13 14:24:17,069 serial_wrap.py, line 121, INFO:try:/dev/ttyUSB0 - USB Serial
2025-08-13 14:24:17,150 serial_wrap.py, line 63, INFO:port is /dev/ttyUSB0, controller is mc602, mode USB
2025-08-13 14:24:17,155 controller_wrap.py, line 31, INFO:dev_name:mc602
2025-08-13 14:24:17,188 vehicle_base.py, line 302, INFO:MecanumChassis
2025-08-13 14:24:17,188 vehicle_base.py, line 191, INFO:mecanum init
2025-08-13 14:25:13,002 serial_wrap.py, line 121, INFO:try:/dev/ttyUSB0 - USB Serial
2025-08-13 14:25:13,439 serial_wrap.py, line 323, ERROR:get_anwser timeout 
2025-08-13 14:25:13,459 serial_wrap.py, line 266, INFO:is mc602
2025-08-13 14:25:13,460 serial_wrap.py, line 267, INFO:load program
2025-08-13 14:25:15,217 serial_wrap.py, line 63, INFO:port is /dev/ttyUSB0, controller is mc602, mode USB
2025-08-13 14:25:15,222 controller_wrap.py, line 31, INFO:dev_name:mc602
2025-08-13 14:25:15,256 vehicle_base.py, line 302, INFO:MecanumChassis
2025-08-13 14:25:15,257 vehicle_base.py, line 191, INFO:mecanum init
2025-08-13 14:25:18,263 arm_base.py, line 257, INFO:change side to 1
2025-08-13 14:27:32,586 camera.py, line 82, ERROR:read:读取图像错误!!!!
2025-08-13 14:28:35,758 camera.py, line 82, ERROR:read:读取图像错误!!!!
2025-08-13 14:36:12,992 serial_wrap.py, line 121, INFO:try:/dev/ttyUSB0 - USB Serial
2025-08-13 14:36:13,079 serial_wrap.py, line 63, INFO:port is /dev/ttyUSB0, controller is mc602, mode USB
2025-08-13 14:36:13,084 controller_wrap.py, line 31, INFO:dev_name:mc602
2025-08-13 14:36:13,109 vehicle_base.py, line 302, INFO:MecanumChassis
2025-08-13 14:36:13,109 vehicle_base.py, line 191, INFO:mecanum init
2025-08-13 14:36:14,602 camera.py, line 51, ERROR:摄像头/dev/cam2不存在
2025-08-13 14:36:15,604 camera.py, line 51, ERROR:摄像头/dev/cam2不存在
2025-08-13 14:36:16,606 camera.py, line 51, ERROR:摄像头/dev/cam2不存在
2025-08-13 14:36:17,608 camera.py, line 51, ERROR:摄像头/dev/cam2不存在
2025-08-13 14:36:18,610 camera.py, line 51, ERROR:摄像头/dev/cam2不存在
2025-08-13 14:36:19,612 camera.py, line 51, ERROR:摄像头/dev/cam2不存在
2025-08-13 14:36:20,614 camera.py, line 51, ERROR:摄像头/dev/cam2不存在
2025-08-13 14:36:21,616 camera.py, line 51, ERROR:摄像头/dev/cam2不存在
2025-08-13 14:36:22,618 camera.py, line 51, ERROR:摄像头/dev/cam2不存在
2025-08-13 14:36:23,620 camera.py, line 51, ERROR:摄像头/dev/cam2不存在
2025-08-13 14:36:24,622 camera.py, line 51, ERROR:摄像头/dev/cam2不存在
2025-08-13 14:36:25,624 camera.py, line 51, ERROR:摄像头/dev/cam2不存在
2025-08-13 14:36:26,626 camera.py, line 51, ERROR:摄像头/dev/cam2不存在
2025-08-13 14:36:27,628 camera.py, line 51, ERROR:摄像头/dev/cam2不存在
2025-08-13 14:36:28,630 camera.py, line 51, ERROR:摄像头/dev/cam2不存在
2025-08-13 14:36:29,632 camera.py, line 51, ERROR:摄像头/dev/cam2不存在
2025-08-13 14:36:30,634 camera.py, line 51, ERROR:摄像头/dev/cam2不存在
2025-08-13 14:36:36,085 serial_wrap.py, line 121, INFO:try:/dev/ttyUSB0 - USB Serial
2025-08-13 14:36:36,523 serial_wrap.py, line 323, ERROR:get_anwser timeout 
2025-08-13 14:36:36,558 serial_wrap.py, line 140, ERROR:未找到支持的设备
2025-08-13 14:36:36,558 serial_wrap.py, line 65, CRITICAL:未接控制器或者控制器没有开机,或者程序运行错误!
2025-08-13 14:36:36,574 serial_wrap.py, line 121, INFO:try:/dev/ttyUSB0 - USB Serial
2025-08-13 14:36:36,656 serial_wrap.py, line 63, INFO:port is /dev/ttyUSB0, controller is mc602, mode USB
2025-08-13 14:36:36,661 controller_wrap.py, line 31, INFO:dev_name:mc602
2025-08-13 14:36:36,694 vehicle_base.py, line 302, INFO:MecanumChassis
2025-08-13 14:36:36,694 vehicle_base.py, line 191, INFO:mecanum init
2025-08-13 14:36:38,187 camera.py, line 51, ERROR:摄像头/dev/cam2不存在
2025-08-13 14:36:39,189 camera.py, line 51, ERROR:摄像头/dev/cam2不存在
2025-08-13 14:36:56,284 serial_wrap.py, line 121, INFO:try:/dev/ttyUSB0 - USB Serial
2025-08-13 14:36:56,722 serial_wrap.py, line 323, ERROR:get_anwser timeout 
2025-08-13 14:36:56,757 serial_wrap.py, line 140, ERROR:未找到支持的设备
2025-08-13 14:36:56,758 serial_wrap.py, line 65, CRITICAL:未接控制器或者控制器没有开机,或者程序运行错误!
2025-08-13 14:36:56,773 serial_wrap.py, line 121, INFO:try:/dev/ttyUSB0 - USB Serial
2025-08-13 14:36:56,854 serial_wrap.py, line 63, INFO:port is /dev/ttyUSB0, controller is mc602, mode USB
2025-08-13 14:36:56,858 controller_wrap.py, line 31, INFO:dev_name:mc602
2025-08-13 14:36:56,891 vehicle_base.py, line 302, INFO:MecanumChassis
2025-08-13 14:36:56,891 vehicle_base.py, line 191, INFO:mecanum init
2025-08-13 14:36:59,886 arm_base.py, line 257, INFO:change side to 1
2025-08-13 14:38:29,809 camera.py, line 82, ERROR:read:读取图像错误!!!!
2025-08-13 14:38:29,811 camera.py, line 51, ERROR:摄像头/dev/cam2不存在
2025-08-13 14:38:41,811 camera.py, line 82, ERROR:read:读取图像错误!!!!
2025-08-13 14:38:59,903 camera.py, line 82, ERROR:read:读取图像错误!!!!
2025-08-13 14:39:00,392 camera.py, line 82, ERROR:read:读取图像错误!!!!
2025-08-13 14:39:00,520 camera.py, line 82, ERROR:read:读取图像错误!!!!
2025-08-13 14:39:00,610 camera.py, line 82, ERROR:read:读取图像错误!!!!
2025-08-13 14:39:00,610 camera.py, line 51, ERROR:摄像头/dev/cam2不存在
                                                                                                                                                                                                                                                                                                                                                                                                                                                                                                                                                                                                                                                                                                                                                                                                                                                                                                                                                                                                                                                                                                                                                                                                                                                                                                                                                                                                                                                                                                                                                                                                                                                                                                      2025-08-13 14:50:18,465 serial_wrap.py, line 121, INFO:try:/dev/ttyUSB0 - USB Serial
2025-08-13 14:50:18,903 serial_wrap.py, line 323, ERROR:get_anwser timeout 
2025-08-13 14:50:18,924 serial_wrap.py, line 266, INFO:is mc602
2025-08-13 14:50:18,925 serial_wrap.py, line 267, INFO:load program
2025-08-13 14:50:33,992 serial_wrap.py, line 121, INFO:try:/dev/ttyUSB0 - USB Serial
2025-08-13 14:50:34,077 serial_wrap.py, line 63, INFO:port is /dev/ttyUSB0, controller is mc602, mode USB
2025-08-13 14:50:34,082 controller_wrap.py, line 31, INFO:dev_name:mc602
2025-08-13 14:50:34,108 vehicle_base.py, line 302, INFO:MecanumChassis
2025-08-13 14:50:34,108 vehicle_base.py, line 191, INFO:mecanum init
2025-08-13 14:50:37,109 arm_base.py, line 257, INFO:change side to 1
2025-08-13 14:56:56,627 serial_wrap.py, line 121, INFO:try:/dev/ttyUSB0 - USB Serial
2025-08-13 14:56:56,710 serial_wrap.py, line 63, INFO:port is /dev/ttyUSB0, controller is mc602, mode USB
2025-08-13 14:56:56,715 controller_wrap.py, line 31, INFO:dev_name:mc602
2025-08-13 14:56:56,740 vehicle_base.py, line 302, INFO:MecanumChassis
2025-08-13 14:56:56,741 vehicle_base.py, line 191, INFO:mecanum init
2025-08-13 14:56:59,735 arm_base.py, line 257, INFO:change side to 1
2025-08-13 14:57:04,248 arm_base.py, line 257, INFO:change side to -1
2025-08-13 15:23:18,440 serial_wrap.py, line 121, INFO:try:/dev/ttyUSB0 - USB Serial
2025-08-13 15:23:18,879 serial_wrap.py, line 323, ERROR:get_anwser timeout 
2025-08-13 15:23:18,901 serial_wrap.py, line 266, INFO:is mc602
2025-08-13 15:23:18,901 serial_wrap.py, line 267, INFO:load program
2025-08-13 15:23:20,659 serial_wrap.py, line 63, INFO:port is /dev/ttyUSB0, controller is mc602, mode USB
2025-08-13 15:23:20,663 controller_wrap.py, line 31, INFO:dev_name:mc602
2025-08-13 15:23:20,685 vehicle_base.py, line 302, INFO:MecanumChassis
2025-08-13 15:23:20,686 vehicle_base.py, line 191, INFO:mecanum init
2025-08-13 15:23:23,684 arm_base.py, line 257, INFO:change side to 1
2025-08-13 15:23:28,217 arm_base.py, line 257, INFO:change side to -1
2025-08-13 19:40:53,735 serial_wrap.py, line 323, ERROR:get_anwser timeout 
2025-08-13 19:40:57,063 camera.py, line 51, ERROR:摄像头/dev/cam2不存在
2025-08-13 19:40:58,066 camera.py, line 51, ERROR:摄像头/dev/cam2不存在
2025-08-13 19:40:59,067 camera.py, line 51, ERROR:摄像头/dev/cam2不存在
2025-08-13 19:41:00,069 camera.py, line 51, ERROR:摄像头/dev/cam2不存在
2025-08-13 19:41:01,071 camera.py, line 51, ERROR:摄像头/dev/cam2不存在
2025-08-13 19:41:02,074 camera.py, line 51, ERROR:摄像头/dev/cam2不存在
2025-08-13 19:41:03,076 camera.py, line 51, ERROR:摄像头/dev/cam2不存在
2025-08-13 19:41:04,078 camera.py, line 51, ERROR:摄像头/dev/cam2不存在
2025-08-13 19:41:05,080 camera.py, line 51, ERROR:摄像头/dev/cam2不存在
2025-08-13 19:41:06,082 camera.py, line 51, ERROR:摄像头/dev/cam2不存在
2025-08-13 19:41:07,084 camera.py, line 51, ERROR:摄像头/dev/cam2不存在
2025-08-13 19:41:08,086 camera.py, line 51, ERROR:摄像头/dev/cam2不存在
2025-08-13 19:41:09,088 camera.py, line 51, ERROR:摄像头/dev/cam2不存在
2025-08-13 19:41:10,090 camera.py, line 51, ERROR:摄像头/dev/cam2不存在
2025-08-13 19:41:11,092 camera.py, line 51, ERROR:摄像头/dev/cam2不存在
2025-08-13 19:41:12,094 camera.py, line 51, ERROR:摄像头/dev/cam2不存在
2025-08-13 19:41:13,096 camera.py, line 51, ERROR:摄像头/dev/cam2不存在
2025-08-13 19:41:14,099 camera.py, line 51, ERROR:摄像头/dev/cam2不存在
2025-08-13 19:41:15,101 camera.py, line 51, ERROR:摄像头/dev/cam2不存在
2025-08-13 19:41:16,103 camera.py, line 51, ERROR:摄像头/dev/cam2不存在
2025-08-13 19:41:17,104 camera.py, line 51, ERROR:摄像头/dev/cam2不存在
2025-08-13 19:41:18,106 camera.py, line 51, ERROR:摄像头/dev/cam2不存在
2025-08-13 19:41:19,108 camera.py, line 51, ERROR:摄像头/dev/cam2不存在
2025-08-13 19:41:20,110 camera.py, line 51, ERROR:摄像头/dev/cam2不存在
2025-08-13 19:41:21,112 camera.py, line 51, ERROR:摄像头/dev/cam2不存在
2025-08-13 19:41:22,114 camera.py, line 51, ERROR:摄像头/dev/cam2不存在
2025-08-13 19:41:23,116 camera.py, line 51, ERROR:摄像头/dev/cam2不存在
2025-08-13 19:41:24,118 camera.py, line 51, ERROR:摄像头/dev/cam2不存在
2025-08-13 19:41:25,120 camera.py, line 51, ERROR:摄像头/dev/cam2不存在
2025-08-13 19:41:26,122 camera.py, line 51, ERROR:摄像头/dev/cam2不存在
2025-08-13 19:41:27,124 camera.py, line 51, ERROR:摄像头/dev/cam2不存在
2025-08-13 19:42:03,485 serial_wrap.py, line 323, ERROR:get_anwser timeout 
2025-08-13 19:42:03,522 serial_wrap.py, line 140, ERROR:未找到支持的设备
2025-08-13 19:42:03,522 serial_wrap.py, line 65, CRITICAL:未接控制器或者控制器没有开机,或者程序运行错误!
2025-08-13 19:45:59,653 serial_wrap.py, line 323, ERROR:get_anwser timeout 
2025-08-13 19:45:59,688 serial_wrap.py, line 140, ERROR:未找到支持的设备
2025-08-13 19:45:59,689 serial_wrap.py, line 65, CRITICAL:未接控制器或者控制器没有开机,或者程序运行错误!
2025-08-13 19:46:01,964 camera.py, line 82, ERROR:read:读取图像错误!!!!
2025-08-13 19:46:02,071 camera.py, line 82, ERROR:read:读取图像错误!!!!
2025-08-13 19:46:02,072 camera.py, line 82, ERROR:read:读取图像错误!!!!
2025-08-13 19:46:02,072 camera.py, line 82, ERROR:read:读取图像错误!!!!
2025-08-13 19:46:02,073 camera.py, line 82, ERROR:read:读取图像错误!!!!
2025-08-13 19:46:02,074 camera.py, line 82, ERROR:read:读取图像错误!!!!
2025-08-13 19:46:02,074 camera.py, line 82, ERROR:read:读取图像错误!!!!
2025-08-13 19:46:02,074 camera.py, line 82, ERROR:read:读取图像错误!!!!
2025-08-13 19:46:02,075 camera.py, line 82, ERROR:read:读取图像错误!!!!
2025-08-13 19:46:02,075 camera.py, line 82, ERROR:read:读取图像错误!!!!
2025-08-13 19:46:02,076 camera.py, line 82, ERROR:read:读取图像错误!!!!
2025-08-13 19:46:02,076 camera.py, line 82, ERROR:read:读取图像错误!!!!
2025-08-13 19:46:02,077 camera.py, line 82, ERROR:read:读取图像错误!!!!
2025-08-13 19:46:02,077 camera.py, line 82, ERROR:read:读取图像错误!!!!
2025-08-13 19:46:02,078 camera.py, line 82, ERROR:read:读取图像错误!!!!
2025-08-13 19:46:02,078 camera.py, line 82, ERROR:read:读取图像错误!!!!
2025-08-13 19:46:02,079 camera.py, line 82, ERROR:read:读取图像错误!!!!
2025-08-13 19:46:02,079 camera.py, line 82, ERROR:read:读取图像错误!!!!
2025-08-13 19:46:02,080 camera.py, line 82, ERROR:read:读取图像错误!!!!
2025-08-13 19:46:02,080 camera.py, line 82, ERROR:read:读取图像错误!!!!
2025-08-13 19:46:02,081 camera.py, line 82, ERROR:read:读取图像错误!!!!
2025-08-13 19:46:02,081 camera.py, line 82, ERROR:read:读取图像错误!!!!
2025-08-13 19:46:02,082 camera.py, line 82, ERROR:read:读取图像错误!!!!
2025-08-13 19:46:02,082 camera.py, line 82, ERROR:read:读取图像错误!!!!
2025-08-13 19:46:02,083 camera.py, line 82, ERROR:read:读取图像错误!!!!
2025-08-13 19:46:02,083 camera.py, line 82, ERROR:read:读取图像错误!!!!
2025-08-13 19:46:02,084 camera.py, line 82, ERROR:read:读取图像错误!!!!
2025-08-13 19:46:02,084 camera.py, line 82, ERROR:read:读取图像错误!!!!
2025-08-13 19:46:02,085 camera.py, line 82, ERROR:read:读取图像错误!!!!
2025-08-13 19:46:02,085 camera.py, line 82, ERROR:read:读取图像错误!!!!
2025-08-13 19:46:02,086 camera.py, line 82, ERROR:read:读取图像错误!!!!
2025-08-13 19:46:02,086 camera.py, line 82, ERROR:read:读取图像错误!!!!
2025-08-13 19:46:02,087 camera.py, line 82, ERROR:read:读取图像错误!!!!
2025-08-13 19:46:02,087 camera.py, line 82, ERROR:read:读取图像错误!!!!
2025-08-13 19:46:02,088 camera.py, line 82, ERROR:read:读取图像错误!!!!
2025-08-13 19:46:02,088 camera.py, line 82, ERROR:read:读取图像错误!!!!
2025-08-13 19:46:02,089 camera.py, line 82, ERROR:read:读取图像错误!!!!
2025-08-13 19:46:02,089 camera.py, line 82, ERROR:read:读取图像错误!!!!
2025-08-13 19:46:02,090 camera.py, line 82, ERROR:read:读取图像错误!!!!
2025-08-13 19:46:02,090 camera.py, line 82, ERROR:read:读取图像错误!!!!
2025-08-13 19:46:02,090 camera.py, line 82, ERROR:read:读取图像错误!!!!
2025-08-13 19:46:02,091 camera.py, line 82, ERROR:read:读取图像错误!!!!
2025-08-13 19:46:02,091 camera.py, line 82, ERROR:read:读取图像错误!!!!
2025-08-13 19:46:02,092 camera.py, line 51, ERROR:摄像头/dev/cam2不存在
2025-08-13 19:46:15,750 camera.py, line 82, ERROR:read:读取图像错误!!!!
2025-08-13 19:46:35,168 camera.py, line 82, ERROR:read:读取图像错误!!!!
2025-08-13 19:47:10,060 camera.py, line 82, ERROR:read:读取图像错误!!!!
2025-08-13 20:09:05,657 serial_wrap.py, line 323, ERROR:get_anwser timeout 
2025-08-13 20:09:05,693 serial_wrap.py, line 140, ERROR:未找到支持的设备
2025-08-13 20:09:05,694 serial_wrap.py, line 65, CRITICAL:未接控制器或者控制器没有开机,或者程序运行错误!
2025-08-13 20:10:35,638 serial_wrap.py, line 323, ERROR:get_anwser timeout 
2025-08-13 20:10:35,674 serial_wrap.py, line 140, ERROR:未找到支持的设备
2025-08-13 20:10:35,674 serial_wrap.py, line 65, CRITICAL:未接控制器或者控制器没有开机,或者程序运行错误!
2025-08-13 20:33:00,590 serial_wrap.py, line 323, ERROR:get_anwser timeout 
2025-08-13 20:33:00,625 serial_wrap.py, line 140, ERROR:未找到支持的设备
2025-08-13 20:33:00,626 serial_wrap.py, line 65, CRITICAL:未接控制器或者控制器没有开机,或者程序运行错误!
2025-08-13 20:51:01,509 serial_wrap.py, line 323, ERROR:get_anwser timeout 
2025-08-13 20:51:01,547 serial_wrap.py, line 140, ERROR:未找到支持的设备
2025-08-13 20:51:01,548 serial_wrap.py, line 65, CRITICAL:未接控制器或者控制器没有开机,或者程序运行错误!
2025-08-13 21:20:21,465 serial_wrap.py, line 323, ERROR:get_anwser timeout 
2025-08-13 21:28:11,185 serial_wrap.py, line 323, ERROR:get_anwser timeout 
2025-08-13 21:28:11,223 serial_wrap.py, line 140, ERROR:未找到支持的设备
2025-08-13 21:28:11,224 serial_wrap.py, line 65, CRITICAL:未接控制器或者控制器没有开机,或者程序运行错误!
2025-08-13 21:32:52,206 serial_wrap.py, line 323, ERROR:get_anwser timeout 
2025-08-13 21:32:52,241 serial_wrap.py, line 140, ERROR:未找到支持的设备
2025-08-13 21:32:52,242 serial_wrap.py, line 65, CRITICAL:未接控制器或者控制器没有开机,或者程序运行错误!
2025-08-13 21:38:34,678 serial_wrap.py, line 323, ERROR:get_anwser timeout 
2025-08-13 21:38:34,715 serial_wrap.py, line 140, ERROR:未找到支持的设备
2025-08-13 21:38:34,716 serial_wrap.py, line 65, CRITICAL:未接控制器或者控制器没有开机,或者程序运行错误!
2025-08-13 21:40:16,394 serial_wrap.py, line 323, ERROR:get_anwser timeout 
2025-08-13 21:40:16,430 serial_wrap.py, line 140, ERROR:未找到支持的设备
2025-08-13 21:40:16,430 serial_wrap.py, line 65, CRITICAL:未接控制器或者控制器没有开机,或者程序运行错误!
2025-08-13 21:48:43,155 serial_wrap.py, line 323, ERROR:get_anwser timeout 
2025-08-13 21:48:43,193 serial_wrap.py, line 140, ERROR:未找到支持的设备
2025-08-13 21:48:43,194 serial_wrap.py, line 65, CRITICAL:未接控制器或者控制器没有开机,或者程序运行错误!
2025-08-13 21:51:37,589 serial_wrap.py, line 323, ERROR:get_anwser timeout 
2025-08-13 21:51:37,625 serial_wrap.py, line 140, ERROR:未找到支持的设备
2025-08-13 21:51:37,626 serial_wrap.py, line 65, CRITICAL:未接控制器或者控制器没有开机,或者程序运行错误!
2025-08-13 21:52:56,715 serial_wrap.py, line 323, ERROR:get_anwser timeout 
2025-08-13 21:54:26,146 serial_wrap.py, line 323, ERROR:get_anwser timeout 
2025-08-13 21:54:26,182 serial_wrap.py, line 140, ERROR:未找到支持的设备
2025-08-13 21:54:26,183 serial_wrap.py, line 65, CRITICAL:未接控制器或者控制器没有开机,或者程序运行错误!
2025-08-13 22:42:38,491 serial_wrap.py, line 323, ERROR:get_anwser timeout 
2025-08-13 22:42:38,529 serial_wrap.py, line 140, ERROR:未找到支持的设备
2025-08-13 22:42:38,529 serial_wrap.py, line 65, CRITICAL:未接控制器或者控制器没有开机,或者程序运行错误!
2025-08-13 23:11:04,362 serial_wrap.py, line 323, ERROR:get_anwser timeout 
2025-08-13 23:12:27,205 serial_wrap.py, line 323, ERROR:get_anwser timeout 
2025-08-13 23:12:27,241 serial_wrap.py, line 140, ERROR:未找到支持的设备
2025-08-13 23:12:27,242 serial_wrap.py, line 65, CRITICAL:未接控制器或者控制器没有开机,或者程序运行错误!
2025-08-13 23:16:32,587 serial_wrap.py, line 323, ERROR:get_anwser timeout 
2025-08-13 23:16:32,622 serial_wrap.py, line 140, ERROR:未找到支持的设备
2025-08-13 23:16:32,623 serial_wrap.py, line 65, CRITICAL:未接控制器或者控制器没有开机,或者程序运行错误!
2025-08-13 23:20:46,156 serial_wrap.py, line 323, ERROR:get_anwser timeout 
2025-08-13 23:20:46,191 serial_wrap.py, line 140, ERROR:未找到支持的设备
2025-08-13 23:20:46,191 serial_wrap.py, line 65, CRITICAL:未接控制器或者控制器没有开机,或者程序运行错误!
2025-08-13 23:26:02,430 serial_wrap.py, line 323, ERROR:get_anwser timeout 
2025-08-13 23:26:02,465 serial_wrap.py, line 140, ERROR:未找到支持的设备
2025-08-13 23:26:02,466 serial_wrap.py, line 65, CRITICAL:未接控制器或者控制器没有开机,或者程序运行错误!
2025-08-13 23:29:31,818 serial_wrap.py, line 323, ERROR:get_anwser timeout 
2025-08-13 23:29:31,853 serial_wrap.py, line 140, ERROR:未找到支持的设备
2025-08-13 23:29:31,854 serial_wrap.py, line 65, CRITICAL:未接控制器或者控制器没有开机,或者程序运行错误!
2025-08-13 23:34:16,458 serial_wrap.py, line 323, ERROR:get_anwser timeout 
2025-08-13 23:34:16,495 serial_wrap.py, line 140, ERROR:未找到支持的设备
2025-08-13 23:34:16,496 serial_wrap.py, line 65, CRITICAL:未接控制器或者控制器没有开机,或者程序运行错误!
2025-08-13 23:47:50,160 serial_wrap.py, line 121, INFO:try:/dev/ttyUSB0 - USB Serial
2025-08-13 23:47:50,596 serial_wrap.py, line 323, ERROR:get_anwser timeout 
2025-08-13 23:47:50,633 serial_wrap.py, line 140, ERROR:未找到支持的设备
2025-08-13 23:47:50,633 serial_wrap.py, line 65, CRITICAL:未接控制器或者控制器没有开机,或者程序运行错误!
2025-08-13 23:47:50,648 serial_wrap.py, line 121, INFO:try:/dev/ttyUSB0 - USB Serial
2025-08-13 23:47:50,729 serial_wrap.py, line 63, INFO:port is /dev/ttyUSB0, controller is mc602, mode USB
2025-08-13 23:47:50,733 controller_wrap.py, line 31, INFO:dev_name:mc602
2025-08-13 23:47:50,766 vehicle_base.py, line 302, INFO:MecanumChassis
2025-08-13 23:47:50,766 vehicle_base.py, line 191, INFO:mecanum init
2025-08-13 23:47:53,769 arm_base.py, line 257, INFO:change side to 1
2025-08-13 23:47:58,425 arm_base.py, line 257, INFO:change side to -1
2025-08-13 23:49:23,361 serial_wrap.py, line 121, INFO:try:/dev/ttyUSB0 - USB Serial
2025-08-13 23:49:23,445 serial_wrap.py, line 63, INFO:port is /dev/ttyUSB0, controller is mc602, mode USB
2025-08-13 23:49:23,450 controller_wrap.py, line 31, INFO:dev_name:mc602
2025-08-13 23:49:23,477 vehicle_base.py, line 302, INFO:MecanumChassis
2025-08-13 23:49:23,478 vehicle_base.py, line 191, INFO:mecanum init
2025-08-13 23:49:26,477 arm_base.py, line 257, INFO:change side to 1
2025-08-13 23:49:31,177 arm_base.py, line 257, INFO:change side to -1
2025-08-13 23:59:25,515 serial_wrap.py, line 121, INFO:try:/dev/ttyUSB0 - USB Serial
2025-08-13 23:59:25,598 serial_wrap.py, line 63, INFO:port is /dev/ttyUSB0, controller is mc602, mode USB
2025-08-13 23:59:25,603 controller_wrap.py, line 31, INFO:dev_name:mc602
2025-08-13 23:59:25,628 vehicle_base.py, line 302, INFO:MecanumChassis
2025-08-13 23:59:25,628 vehicle_base.py, line 191, INFO:mecanum init
2025-08-13 23:59:28,619 arm_base.py, line 257, INFO:change side to 1
2025-08-13 23:59:33,160 arm_base.py, line 257, INFO:change side to -1
